SecCoreStartupWithStack(0xFFFCC000, 0x820000)
Register PPI Notify: DCD0BE23-9586-40F4-B643-06522CED4EDE
Install PPI: 8C8CE578-8A3D-4F1C-9935-896185C32DD3
Install PPI: 5473C07A-3DCB-4DCA-BD6F-1E9689E7349A
The 0th FV start address is 0x00000820000, size is 0x000E0000, handle is 0x820000
Register PPI Notify: 49EDB1C1-BF21-4761-BB12-EB0031AABB39
Register PPI Notify: EA7CA24B-DED5-4DAD-A389-BF827E8F9B38
Install PPI: B9E0ABFE-5979-4914-977F-6DEE78C278A6
Install PPI: DBE23AA9-A345-4B97-85B6-B226F1617389
Install PPI: 138F9CF4-F0E7-4721-8F49-F5FFECF42D40
DiscoverPeimsAndOrderWithApriori(): Found 0x8 PEI FFS files in the 0th FV
Loading PEIM 9B3ADA4F-AE56-4C24-8DEA-F03B7558AE50
Loading PEIM at 0x0000082BBC0 EntryPoint=0x0000082EDD5 PcdPeim.efi
Install PPI: 06E81C58-4AD7-44BC-8390-F10265F72480
Install PPI: 01F34D25-4DE2-23AD-3FF3-36353FF323F1
Install PPI: 4D8B155B-C059-4C8F-8926-06FD4331DB8A
Install PPI: A60C6B59-E459-425D-9C69-0BCC9CB27D81
Register PPI Notify: 605EA650-C65C-42E1-BA80-91A52AB618C6
Loading PEIM A3610442-E69F-4DF3-82CA-2360C4031A23
Loading PEIM at 0x00000830B40 EntryPoint=0x00000831F18 ReportStatusCodeRouterPei.efi
Install PPI: 0065D394-9951-4144-82A3-0AFC8579C251
Install PPI: 229832D3-7A30-4B36-B827-F40CB7D45436
Loading PEIM 9D225237-FA01-464C-A949-BAABC02D31D0
Loading PEIM at 0x00000832C40 EntryPoint=0x00000833E64 StatusCodeHandlerPei.efi
Loading PEIM 222C386D-5ABC-4FB4-B124-FBB82488ACF4
Loading PEIM at 0x00000834C40 EntryPoint=0x0000083BD51 PlatformPei.efi
Select Item: 0x0
FW CFG Signature: 0x554D4551
Select Item: 0x1
FW CFG Revision: 0x3
QemuFwCfg interface (DMA) is supported.
Platform PEIM Loaded
CMOS:
00: 13 00 13 00 05 00 05 20 10 22 26 02 10 80 00 00
10: 00 00 00 00 06 80 02 FF FF 00 00 00 00 00 00 00
20: 00 00 00 00 00 00 00 00 00 00 00 00 00 00 00 00
30: FF FF 20 00 00 3F 00 20 30 00 00 00 00 12 00 00
40: 00 00 00 00 00 00 00 00 00 00 00 00 00 00 00 00
50: 00 00 00 00 00 00 00 00 00 00 00 00 00 00 00 00
60: 00 00 00 00 00 00 00 00 00 00 00 00 00 00 00 00
70: 00 00 00 00 00 00 00 00 00 00 00 00 00 00 00 00
Select Item: 0x19
Select Item: 0x28
S3 support was detected on QEMU
Install PPI: 7408D748-FC8C-4EE6-9288-C4BEC092A410
Select Item: 0x19
Select Item: 0x19
Select Item: 0x25
Select Item: 0x19
Select Item: 0x19
AddressWidthInitialization: Pci64Base=0x800000000 Pci64Size=0x800000000
Select Item: 0x5
PlatformMaxCpuCountInitialization: QEMU v2.7 reset bug: BootCpuCount=1 Present=0
PlatformMaxCpuCountInitialization: BootCpuCount=0 MaxCpuCount=1
Select Item: 0x19
Select Item: 0x25
PublishPeiMemory: PhysMemAddressWidth=36 PeiMemoryCap=65800 KB
PeiInstallPeiMemory MemoryBegin 0x3BF36000, MemoryLength 0x4042000
Select Item: 0x19
Select Item: 0x25
PlatformQemuInitializeRam called
Select Item: 0x19
Select Item: 0x25
Select Item: 0x19
Select Item: 0x25
Reserved variable store memory: 0x3FEF4000; size: 528kb
Platform PEI Firmware Volume Initialization
Install PPI: 49EDB1C1-BF21-4761-BB12-EB0031AABB39
Notify: PPI Guid: 49EDB1C1-BF21-4761-BB12-EB0031AABB39, Peim notify entry point: 825CCE
The 1th FV start address is 0x00000900000, size is 0x00C00000, handle is 0x900000
Select Item: 0x19
Select Item: 0x25
Select Item: 0x19
Register PPI Notify: EE16160A-E8BE-47A6-820A-C6900DB0250A
Select Item: 0x19
Temp Stack : BaseAddress=0x818000 Length=0x8000
Temp Heap  : BaseAddress=0x810000 Length=0x8000
Total temporary memory:    65536 bytes.
  temporary memory stack ever used:       29720 bytes.
  temporary memory heap used for HobList: 7064 bytes.
  temporary memory heap occupied by memory pages: 0 bytes.
Memory Allocation 0x0000000A 0x3FF78000 - 0x3FFFFFFF
Memory Allocation 0x0000000A 0x810000 - 0x81FFFF
Memory Allocation 0x0000000A 0x807000 - 0x807FFF
Memory Allocation 0x0000000A 0x800000 - 0x805FFF
Memory Allocation 0x0000000A 0x806000 - 0x806FFF
Memory Allocation 0x0000000A 0x80B000 - 0x80BFFF
Memory Allocation 0x00000006 0x3FEF4000 - 0x3FF77FFF
Memory Allocation 0x0000000A 0x820000 - 0x8FFFFF
Memory Allocation 0x00000004 0x900000 - 0x14FFFFF
Old Stack size 32768, New stack size 131072
Stack Hob: BaseAddress=0x3BF36000 Length=0x20000
Heap Offset = 0x3B746000 Stack Offset = 0x3B736000
TemporaryRamMigration(0x810000, 0x3BF4E000, 0x10000)
Loading PEIM 52C05B14-0B98-496C-BC3B-04B50211D680
Loading PEIM at 0x0003FEE8000 EntryPoint=0x0003FEEFE2A PeiCore.efi
Reinstall PPI: 8C8CE578-8A3D-4F1C-9935-896185C32DD3
Reinstall PPI: 5473C07A-3DCB-4DCA-BD6F-1E9689E7349A
Reinstall PPI: B9E0ABFE-5979-4914-977F-6DEE78C278A6
Install PPI: F894643D-C449-42D1-8EA8-85BDD8C65BDE
Loading PEIM 9B3ADA4F-AE56-4C24-8DEA-F03B7558AE50
Loading PEIM at 0x0003FEE3000 EntryPoint=0x0003FEE6215 PcdPeim.efi
Reinstall PPI: 06E81C58-4AD7-44BC-8390-F10265F72480
Reinstall PPI: 4D8B155B-C059-4C8F-8926-06FD4331DB8A
Reinstall PPI: 01F34D25-4DE2-23AD-3FF3-36353FF323F1
Reinstall PPI: A60C6B59-E459-425D-9C69-0BCC9CB27D81
Loading PEIM 86D70125-BAA3-4296-A62F-602BEBBB9081
Loading PEIM at 0x0003FEDE000 EntryPoint=0x0003FEE11F4 DxeIpl.efi
Install PPI: 1A36E4E7-FAB6-476A-8E75-695A0576FDD7
Install PPI: 0AE8CE5D-E448-4437-A8D7-EBF5F194F731
Loading PEIM 89E549B0-7CFE-449D-9BA3-10D8B2312D71
Loading PEIM at 0x0003FED9000 EntryPoint=0x0003FEDB771 S3Resume2Pei.efi
Install PPI: 6D582DBC-DB85-4514-8FCC-5ADF6227B147
Loading PEIM EDADEB9D-DDBA-48BD-9D22-C1C169C8C5C6
Loading PEIM at 0x0003FEC9000 EntryPoint=0x0003FED2A9A CpuMpPei.efi
Register PPI Notify: F894643D-C449-42D1-8EA8-85BDD8C65BDE
Notify: PPI Guid: F894643D-C449-42D1-8EA8-85BDD8C65BDE, Peim notify entry point: 3FED04C3
AP Loop Mode is 1
AP Vector: non-16-bit = 3FEBF000/31C
GetMicrocodePatchInfoFromHob: Microcode patch cache HOB is not found.
CPU[0000]: Microcode revision = 00000000, expected = 00000000
Register PPI Notify: 8F9D4825-797D-48FC-8471-845025792EF6
Does not find any stored CPU BIST information from PPI!
  APICID - 0x00000000, BIST - 0x00000000
Install PPI: 9E9F374B-8F16-4230-9824-5846EE766A97
Install PPI: 5CB9CB3D-31A4-480C-9498-29D269BACFBA
Install PPI: EE16160A-E8BE-47A6-820A-C6900DB0250A
Notify: PPI Guid: EE16160A-E8BE-47A6-820A-C6900DB0250A, Peim notify entry point: 836A9E
PlatformPei: ClearCacheOnMpServicesAvailable
DiscoverPeimsAndOrderWithApriori(): Found 0x0 PEI FFS files in the 1th FV
DXE IPL Entry
Loading PEIM D6A2CB7F-6A18-4E2F-B43B-9920A733700A
Loading PEIM at 0x0003FE90000 EntryPoint=0x0003FE93778 DxeCore.efi
Loading DXE CORE at 0x0003FE90000 EntryPoint=0x0003FE93778
AddressBits=36 5LevelPaging=0 1GPage=0
Pml5=1 Pml4=1 Pdp=64 TotalPage=66
Install PPI: 605EA650-C65C-42E1-BA80-91A52AB618C6
Notify: PPI Guid: 605EA650-C65C-42E1-BA80-91A52AB618C6, Peim notify entry point: 82DD1C
CoreInitializeMemoryServices:
  BaseAddress - 0x3BF59000 Length - 0x3CA7000 MinimalMemorySizeNeeded - 0x320000
InstallProtocolInterface: 5B1B31A1-9562-11D2-8E3F-00A0C969723B 3FEB6528
ProtectUefiImageCommon - 0x3FEB6528
  - 0x000000003FE90000 - 0x000000000002F000
DxeMain: MemoryBaseAddress=0x3BF59000 MemoryLength=0x3CA7000
HOBLIST address in DXE = 0x3F8EA018
Memory Allocation 0x0000000A 0x3FF78000 - 0x3FFFFFFF
Memory Allocation 0x0000000A 0x810000 - 0x81FFFF
Memory Allocation 0x0000000A 0x807000 - 0x807FFF
Memory Allocation 0x0000000A 0x800000 - 0x805FFF
Memory Allocation 0x0000000A 0x806000 - 0x806FFF
Memory Allocation 0x0000000A 0x80B000 - 0x80BFFF
Memory Allocation 0x00000006 0x3FEF4000 - 0x3FF77FFF
Memory Allocation 0x0000000A 0x820000 - 0x8FFFFF
Memory Allocation 0x00000004 0x900000 - 0x14FFFFF
Memory Allocation 0x00000004 0x3FE70000 - 0x3FE8FFFF
Memory Allocation 0x00000003 0x3FEE8000 - 0x3FEF3FFF
Memory Allocation 0x00000003 0x3FEE3000 - 0x3FEE7FFF
Memory Allocation 0x00000003 0x3FEDE000 - 0x3FEE2FFF
Memory Allocation 0x00000003 0x3FED9000 - 0x3FEDDFFF
Memory Allocation 0x00000003 0x3FEC9000 - 0x3FED8FFF
Memory Allocation 0x00000004 0x3FEC0000 - 0x3FEC8FFF
Memory Allocation 0x00000003 0x3FEBF000 - 0x3FEBFFFF
Memory Allocation 0x00000003 0x3FE90000 - 0x3FEBEFFF
Memory Allocation 0x00000003 0x3FE90000 - 0x3FEBEFFF
Memory Allocation 0x00000004 0x3FE70000 - 0x3FE8FFFF
Memory Allocation 0x00000004 0x3FC00000 - 0x3FDFFFFF
Memory Allocation 0x00000007 0x3FE00000 - 0x3FE6FFFF
Memory Allocation 0x00000004 0x3BF36000 - 0x3BF55FFF
FV Hob            0x900000 - 0x14FFFFF
InstallProtocolInterface: D8117CFE-94A6-11D4-9A3A-0090273FC14D 3FEB5F30
InstallProtocolInterface: 8F644FA9-E850-4DB1-9CE2-0B44698E8DA4 3F8E6CB0
InstallProtocolInterface: 09576E91-6D3F-11D2-8E39-00A0C969723B 3F8E6D98
InstallProtocolInterface: 220E73B6-6BDB-4413-8405-B974B108619A 3F8E6630
InstallProtocolInterface: EE4E5898-3914-4259-9D6E-DC7BD79403CF 3FEB5BF0
Loading driver 9B680FCE-AD6B-4F3A-B60B-F59899003443
InstallProtocolInterface: 5B1B31A1-9562-11D2-8E3F-00A0C969723B 3F57AB40
Loading driver at 0x0003F562000 EntryPoint=0x0003F569E92 DevicePathDxe.efi
InstallProtocolInterface: BC62157E-3E33-4FEC-9920-2D3B36D750DF 3F57AE98
ProtectUefiImageCommon - 0x3F57AB40
  - 0x000000003F562000 - 0x000000000000B540
InstallProtocolInterface: 0379BE4E-D706-437D-B037-EDB82FB772A4 3F56D200
InstallProtocolInterface: 8B843E20-8132-4852-90CC-551A4E4A7F1C 3F56D1E0
InstallProtocolInterface: 05C99A21-C70F-4AD2-8A5F-35DF3343F51E 3F56D1C0
Loading driver 80CF7257-87AB-47F9-A3FE-D50B76D89541
InstallProtocolInterface: 5B1B31A1-9562-11D2-8E3F-00A0C969723B 3F57A1C0
Loading driver at 0x0003F56E000 EntryPoint=0x0003F571983 PcdDxe.efi
InstallProtocolInterface: BC62157E-3E33-4FEC-9920-2D3B36D750DF 3F57A518
ProtectUefiImageCommon - 0x3F57A1C0
  - 0x000000003F56E000 - 0x0000000000005DC0
InstallProtocolInterface: 11B34006-D85B-4D0A-A290-D5A571310EF7 3F573A40
InstallProtocolInterface: 13A3F0F6-264A-3EF0-F2E0-DEC512342F34 3F5739A0
InstallProtocolInterface: 5BE40F57-FA68-4610-BBBF-E9C5FCDAD365 3F573970
InstallProtocolInterface: FD0F4478-0EFD-461D-BA2D-E58C45FD5F5E 3F573950
Loading driver 2EC9DA37-EE35-4DE9-86C5-6D9A81DC38A7
InstallProtocolInterface: 5B1B31A1-9562-11D2-8E3F-00A0C969723B 3F579B40
Loading driver at 0x0003F55D000 EntryPoint=0x0003F55F0C8 AmdSevDxe.efi
InstallProtocolInterface: BC62157E-3E33-4FEC-9920-2D3B36D750DF 3F561B18
ProtectUefiImageCommon - 0x3F579B40
  - 0x000000003F55D000 - 0x0000000000003C40
Error: Image at 0003F55D000 start failed: Unsupported
Loading driver E750224E-7BCE-40AF-B5BB-47E3611EB5C2
InstallProtocolInterface: 5B1B31A1-9562-11D2-8E3F-00A0C969723B 3F579B40
Loading driver at 0x0003F55C000 EntryPoint=0x0003F55DD5B TdxDxe.efi
InstallProtocolInterface: BC62157E-3E33-4FEC-9920-2D3B36D750DF 3F561B98
ProtectUefiImageCommon - 0x3F579B40
  - 0x000000003F55C000 - 0x0000000000004540
InstallProtocolInterface: BB00A5CA-08CE-462F-A537-43C74A825CA4 0
Loading driver 733CBAC2-B23F-4B92-BC8E-FB01CE5907B7
InstallProtocolInterface: 5B1B31A1-9562-11D2-8E3F-00A0C969723B 3F579240
Loading driver at 0x0003FAE6000 EntryPoint=0x0003FAE8FC4 FvbServicesRuntimeDxe.efi
InstallProtocolInterface: BC62157E-3E33-4FEC-9920-2D3B36D750DF 3F579818
ProtectUefiImageCommon - 0x3F579240
  - 0x000000003FAE6000 - 0x0000000000009000
QEMU Flash: Attempting flash detection at FFC00010
QemuFlashDetected => FD behaves as FLASH
QemuFlashDetected => Yes
Installing QEMU flash FVB
InstallProtocolInterface: 8F644FA9-E850-4DB1-9CE2-0B44698E8DA4 3F9EE8B0
InstallProtocolInterface: 09576E91-6D3F-11D2-8E39-00A0C969723B 3F578F98
Loading driver D93CE3D8-A7EB-4730-8C8E-CC466A9ECC3C
InstallProtocolInterface: 5B1B31A1-9562-11D2-8E3F-00A0C969723B 3F578140
Loading driver at 0x0003FADF000 EntryPoint=0x0003FAE19C8 ReportStatusCodeRouterRuntimeDxe.efi
InstallProtocolInterface: BC62157E-3E33-4FEC-9920-2D3B36D750DF 3F579698
ProtectUefiImageCommon - 0x3F578140
  - 0x000000003FADF000 - 0x0000000000007000
InstallProtocolInterface: 86212936-0E76-41C8-A03A-2AF2FC1C39E2 3FAE4070
InstallProtocolInterface: D2B2B828-0826-48A7-B3DF-983C006024F0 3FAE4050
Loading driver B601F8C4-43B7-4784-95B1-F4226CB40CEE
InstallProtocolInterface: 5B1B31A1-9562-11D2-8E3F-00A0C969723B 3F575040
Loading driver at 0x0003FAD9000 EntryPoint=0x0003FADB5CE RuntimeDxe.efi
InstallProtocolInterface: BC62157E-3E33-4FEC-9920-2D3B36D750DF 3F575D98
ProtectUefiImageCommon - 0x3F575040
  - 0x000000003FAD9000 - 0x0000000000006000
InstallProtocolInterface: B7DFB4E1-052F-449F-87BE-9818FC91B733 3FADD040
Loading driver F80697E9-7FD6-4665-8646-88E33EF71DFC
InstallProtocolInterface: 5B1B31A1-9562-11D2-8E3F-00A0C969723B 3F5754C0
Loading driver at 0x0003F556000 EntryPoint=0x0003F557654 SecurityStubDxe.efi
InstallProtocolInterface: BC62157E-3E33-4FEC-9920-2D3B36D750DF 3F575798
ProtectUefiImageCommon - 0x3F5754C0
  - 0x000000003F556000 - 0x0000000000002E00
InstallProtocolInterface: 94AB2F58-1438-4EF1-9152-18941A3A0E68 3F558C68
InstallProtocolInterface: A46423E3-4617-49F1-B9FF-D1BFA9115839 3F558C60
InstallProtocolInterface: 15853D7C-3DDF-43E0-A1CB-EBF85B8F872C 3F558C40
Loading driver 13AC6DD0-73D0-11D4-B06B-00AA00BD6DE7
InstallProtocolInterface: 5B1B31A1-9562-11D2-8E3F-00A0C969723B 3F574940
Loading driver at 0x0003F548000 EntryPoint=0x0003F54B08B EbcDxe.efi
InstallProtocolInterface: BC62157E-3E33-4FEC-9920-2D3B36D750DF 3F574898
ProtectUefiImageCommon - 0x3F574940
  - 0x000000003F548000 - 0x0000000000006040
InstallProtocolInterface: 13AC6DD1-73D0-11D4-B06B-00AA00BD6DE7 3F574818
InstallProtocolInterface: 96F46153-97A7-4793-ACC1-FA19BF78EA97 3F54DDA0
InstallProtocolInterface: 2755590C-6F3C-42FA-9EA4-A3BA543CDA25 3F55B018
InstallProtocolInterface: AAEACCFD-F27B-4C17-B610-75CA1F2DFB52 3F55BE98
Loading driver A19B1FE7-C1BC-49F8-875F-54A5D542443F
InstallProtocolInterface: 5B1B31A1-9562-11D2-8E3F-00A0C969723B 3F55B0C0
Loading driver at 0x0003F550000 EntryPoint=0x0003F551B96 CpuIo2Dxe.efi
InstallProtocolInterface: BC62157E-3E33-4FEC-9920-2D3B36D750DF 3F574318
ProtectUefiImageCommon - 0x3F55B0C0
  - 0x000000003F550000 - 0x0000000000002940
InstallProtocolInterface: AD61F191-AE5F-4C0E-B9FA-E869D288C64F 3F552800
Loading driver 1A1E4886-9517-440E-9FDE-3BE44CEE2136
InstallProtocolInterface: 5B1B31A1-9562-11D2-8E3F-00A0C969723B 3F55B540
Loading driver at 0x0003F112000 EntryPoint=0x0003F1174B0 CpuDxe.efi
InstallProtocolInterface: BC62157E-3E33-4FEC-9920-2D3B36D750DF 3F55A018
ProtectUefiImageCommon - 0x3F55B540
  - 0x000000003F112000 - 0x000000000001A780
Paging: added 512 pages to page table pool
CurrentPagingContext:
  MachineType   - 0x8664
  PageTableBase - 0x3FC01000
  Attributes    - 0xC0000002
InstallProtocolInterface: 26BACCB1-6F42-11D4-BCE7-0080C73C8881 3F125AA0
MemoryProtectionCpuArchProtocolNotify:
ProtectUefiImageCommon - 0x3FEB6528
  - 0x000000003FE90000 - 0x000000000002F000
ProtectUefiImageCommon - 0x3F57AB40
  - 0x000000003F562000 - 0x000000000000B540
ProtectUefiImageCommon - 0x3F57A1C0
  - 0x000000003F56E000 - 0x0000000000005DC0
ProtectUefiImageCommon - 0x3F579B40
  - 0x000000003F55C000 - 0x0000000000004540
ProtectUefiImageCommon - 0x3F579240
  - 0x000000003FAE6000 - 0x0000000000009000
SetUefiImageMemoryAttributes - 0x000000003FAE6000 - 0x0000000000001000 (0x0000000000004000)
SetUefiImageMemoryAttributes - 0x000000003FAE7000 - 0x0000000000006000 (0x0000000000020000)
SetUefiImageMemoryAttributes - 0x000000003FAED000 - 0x0000000000002000 (0x0000000000004000)
ProtectUefiImageCommon - 0x3F578140
  - 0x000000003FADF000 - 0x0000000000007000
SetUefiImageMemoryAttributes - 0x000000003FADF000 - 0x0000000000001000 (0x0000000000004000)
SetUefiImageMemoryAttributes - 0x000000003FAE0000 - 0x0000000000004000 (0x0000000000020000)
SetUefiImageMemoryAttributes - 0x000000003FAE4000 - 0x0000000000002000 (0x0000000000004000)
ProtectUefiImageCommon - 0x3F575040
  - 0x000000003FAD9000 - 0x0000000000006000
SetUefiImageMemoryAttributes - 0x000000003FAD9000 - 0x0000000000001000 (0x0000000000004000)
SetUefiImageMemoryAttributes - 0x000000003FADA000 - 0x0000000000003000 (0x0000000000020000)
SetUefiImageMemoryAttributes - 0x000000003FADD000 - 0x0000000000002000 (0x0000000000004000)
ProtectUefiImageCommon - 0x3F5754C0
  - 0x000000003F556000 - 0x0000000000002E00
ProtectUefiImageCommon - 0x3F574940
  - 0x000000003F548000 - 0x0000000000006040
ProtectUefiImageCommon - 0x3F55B0C0
  - 0x000000003F550000 - 0x0000000000002940
ProtectUefiImageCommon - 0x3F55B540
  - 0x000000003F112000 - 0x000000000001A780
ConvertPages: failed to find range A0000 - FFFFF
ConvertPages: failed to find range 80000000 - FBFFFFFF
ConvertPages: failed to find range FEC00000 - FEC00FFF
Failed to update capability: [8] 00000000FED00000 - 00000000FED003FF (C700000000000001 -> C700000000026001)
ConvertPages: failed to find range FEE00000 - FEEFFFFF
ConvertPages: failed to find range FFC00000 - FFFFFFFF
AP Loop Mode is 1
AP Vector: non-16-bit = 3F553000/31C
GetMicrocodePatchInfoFromHob: MicrocodeBase = 0x0, MicrocodeSize = 0x0
CPU[0000]: Microcode revision = 00000000, expected = 00000000
Detect CPU count: 1
InstallProtocolInterface: 3FDDA605-A76E-4F46-AD29-12F4531B3D08 3F125CE0
Loading driver F6697AC4-A776-4EE1-B643-1FEFF2B615BB
InstallProtocolInterface: 5B1B31A1-9562-11D2-8E3F-00A0C969723B 3F5594C0
Loading driver at 0x0003F138000 EntryPoint=0x0003F1392DD IncompatiblePciDeviceSupportDxe.efi
InstallProtocolInterface: BC62157E-3E33-4FEC-9920-2D3B36D750DF 3F559D18
ProtectUefiImageCommon - 0x3F5594C0
  - 0x000000003F138000 - 0x0000000000002380
InstallProtocolInterface: EB23F55A-7863-4AC2-8D3D-956535DE0375 3F13A258
Loading driver 11A6EDF6-A9BE-426D-A6CC-B22FE51D9224
InstallProtocolInterface: 5B1B31A1-9562-11D2-8E3F-00A0C969723B 3F54FB40
Loading driver at 0x0003F10C000 EntryPoint=0x0003F10F875 PciHotPlugInitDxe.efi
InstallProtocolInterface: BC62157E-3E33-4FEC-9920-2D3B36D750DF 3F54FE98
ProtectUefiImageCommon - 0x3F54FB40
  - 0x000000003F10C000 - 0x00000000000053C0
InstallProtocolInterface: AA0E8BC1-DABC-46B0-A844-37B8169B2BEA 3F1112C0
Loading driver 4B28E4C7-FF36-4E10-93CF-A82159E777C5
InstallProtocolInterface: 5B1B31A1-9562-11D2-8E3F-00A0C969723B 3F54F140
Loading driver at 0x0003FAD2000 EntryPoint=0x0003FAD4C19 ResetSystemRuntimeDxe.efi
InstallProtocolInterface: BC62157E-3E33-4FEC-9920-2D3B36D750DF 3F54F618
ProtectUefiImageCommon - 0x3F54F140
  - 0x000000003FAD2000 - 0x0000000000007000
SetUefiImageMemoryAttributes - 0x000000003FAD2000 - 0x0000000000001000 (0x0000000000004008)
SetUefiImageMemoryAttributes - 0x000000003FAD3000 - 0x0000000000004000 (0x0000000000020008)
SetUefiImageMemoryAttributes - 0x000000003FAD7000 - 0x0000000000002000 (0x0000000000004008)
InstallProtocolInterface: 27CFAC88-46CC-11D4-9A38-0090273FC14D 0
InstallProtocolInterface: 9DA34AE0-EAF9-4BBF-8EC3-FD60226C44BE 3FAD7128
InstallProtocolInterface: 695D7835-8D47-4C11-AB22-FA8ACCE7AE7A 3FAD70E8
InstallProtocolInterface: 2DF6BA0B-7092-440D-BD04-FB091EC3F3C1 3FAD70A8
Loading driver C8339973-A563-4561-B858-D8476F9DEFC4
InstallProtocolInterface: 5B1B31A1-9562-11D2-8E3F-00A0C969723B 3F13D140
Loading driver at 0x0003F132000 EntryPoint=0x0003F1332A7 Metronome.efi
InstallProtocolInterface: BC62157E-3E33-4FEC-9920-2D3B36D750DF 3F13D918
ProtectUefiImageCommon - 0x3F13D140
  - 0x000000003F132000 - 0x00000000000027C0
InstallProtocolInterface: 26BACCB2-6F42-11D4-BCE7-0080C73C8881 3F134640
Loading driver 348C4D62-BFBD-4882-9ECE-C80BB1C4783B
InstallProtocolInterface: 5B1B31A1-9562-11D2-8E3F-00A0C969723B 3F13C040
Loading driver at 0x0003F0D0000 EntryPoint=0x0003F0D3941 HiiDatabase.efi
InstallProtocolInterface: BC62157E-3E33-4FEC-9920-2D3B36D750DF 3F13CF18
ProtectUefiImageCommon - 0x3F13C040
  - 0x000000003F0D0000 - 0x000000000001D440
InstallProtocolInterface: E9CA4775-8657-47FC-97E7-7ED65A084324 3F0ED068
InstallProtocolInterface: 0FD96974-23AA-4CDC-B9CB-98D17750322A 3F0ED0E0
InstallProtocolInterface: EF9FC172-A1B2-4693-B327-6D32FC416042 3F0ED108
InstallProtocolInterface: 587E72D7-CC50-4F79-8209-CA291FC1A10F 3F0ED160
InstallProtocolInterface: 0A8BADD5-03B8-4D19-B128-7B8F0EDAA596 3F0ED190
InstallProtocolInterface: 31A6406A-6BDF-4E46-B2A2-EBAA89C40920 3F0ED088
InstallProtocolInterface: 1A1241E6-8F19-41A9-BC0E-E8EF39E06546 3F0ED0B0
Loading driver 96B5C032-DF4C-4B6E-8232-438DCF448D0E
InstallProtocolInterface: 5B1B31A1-9562-11D2-8E3F-00A0C969723B 3F13B040
Loading driver at 0x0003F12F000 EntryPoint=0x0003F13024F NullMemoryTestDxe.efi
InstallProtocolInterface: BC62157E-3E33-4FEC-9920-2D3B36D750DF 3F13BD18
ProtectUefiImageCommon - 0x3F13B040
  - 0x000000003F12F000 - 0x0000000000002300
InstallProtocolInterface: 309DE7F1-7F5E-4ACE-B49C-531BE5AA95EF 3F131160
Loading driver 9622E42C-8E38-4A08-9E8F-54F784652F6B
InstallProtocolInterface: 5B1B31A1-9562-11D2-8E3F-00A0C969723B 3F13B440
Loading driver at 0x0003F0FC000 EntryPoint=0x0003F1001E3 AcpiTableDxe.efi
InstallProtocolInterface: BC62157E-3E33-4FEC-9920-2D3B36D750DF 3F13BC18
ProtectUefiImageCommon - 0x3F13B440
  - 0x000000003F0FC000 - 0x0000000000007880
InstallProtocolInterface: FFE06BDD-6107-46A6-7BB2-5A9C7EC5275C 3F1370A0
InstallProtocolInterface: EB97088E-CFDF-49C6-BE4B-D906A5B20E86 3F1370B0
Loading driver BDCE85BB-FBAA-4F4E-9264-501A2C249581
InstallProtocolInterface: 5B1B31A1-9562-11D2-8E3F-00A0C969723B 3F137CC0
Loading driver at 0x0003F0F5000 EntryPoint=0x0003F0F8DBD S3SaveStateDxe.efi
InstallProtocolInterface: BC62157E-3E33-4FEC-9920-2D3B36D750DF 3F137B98
ProtectUefiImageCommon - 0x3F137CC0
  - 0x000000003F0F5000 - 0x00000000000061C0
InstallProtocolInterface: BD445D79-B7AD-4F04-9AD8-29BD2040EB3C 0
InstallProtocolInterface: E857CAF6-C046-45DC-BE3F-EE0765FBA887 3F0FAF60
Loading driver A210F973-229D-4F4D-AA37-9895E6C9EABA
InstallProtocolInterface: 5B1B31A1-9562-11D2-8E3F-00A0C969723B 3F136040
Loading driver at 0x0003F106000 EntryPoint=0x0003F10732F DpcDxe.efi
InstallProtocolInterface: BC62157E-3E33-4FEC-9920-2D3B36D750DF 3F137318
ProtectUefiImageCommon - 0x3F136040
  - 0x000000003F106000 - 0x00000000000021C0
InstallProtocolInterface: 480F8AE9-0C46-4AA9-BC89-DB9FBA619806 3F107E90
Loading driver 8657015B-EA43-440D-949A-AF3BE365C0FC
InstallProtocolInterface: 5B1B31A1-9562-11D2-8E3F-00A0C969723B 3F136440
Loading driver at 0x0003F0CA000 EntryPoint=0x0003F0CDB01 IoMmuDxe.efi
InstallProtocolInterface: BC62157E-3E33-4FEC-9920-2D3B36D750DF 3F136B98
ProtectUefiImageCommon - 0x3F136440
  - 0x000000003F0CA000 - 0x0000000000005F40
InstallProtocolInterface: F8775D50-8ABD-4ADF-92AC-853E51F6C8DC 0
Loading driver 22DC2B60-FE40-42AC-B01F-3AB1FAD9AAD8
InstallProtocolInterface: 5B1B31A1-9562-11D2-8E3F-00A0C969723B 3F135040
Loading driver at 0x0003FACC000 EntryPoint=0x0003FACE507 EmuVariableFvbRuntimeDxe.efi
InstallProtocolInterface: BC62157E-3E33-4FEC-9920-2D3B36D750DF 3F135E18
ProtectUefiImageCommon - 0x3F135040
  - 0x000000003FACC000 - 0x0000000000006000
SetUefiImageMemoryAttributes - 0x000000003FACC000 - 0x0000000000001000 (0x0000000000004008)
SetUefiImageMemoryAttributes - 0x000000003FACD000 - 0x0000000000003000 (0x0000000000020008)
SetUefiImageMemoryAttributes - 0x000000003FAD0000 - 0x0000000000002000 (0x0000000000004008)
EMU Variable FVB Started
Disabling EMU Variable FVB since flash variables appear to be supported.
Error: Image at 0003FACC000 start failed: Aborted
SetUefiImageMemoryAttributes - 0x000000003FACC000 - 0x0000000000006000 (0x0000000000000008)
Loading driver CBD2E4D5-7068-4FF5-B462-9822B4AD8D60
InstallProtocolInterface: 5B1B31A1-9562-11D2-8E3F-00A0C969723B 3F135040
Loading driver at 0x0003FAC2000 EntryPoint=0x0003FACAB61 VariableRuntimeDxe.efi
InstallProtocolInterface: BC62157E-3E33-4FEC-9920-2D3B36D750DF 3F135E98
ProtectUefiImageCommon - 0x3F135040
  - 0x000000003FAC2000 - 0x0000000000010000
SetUefiImageMemoryAttributes - 0x000000003FAC2000 - 0x0000000000001000 (0x0000000000004008)
SetUefiImageMemoryAttributes - 0x000000003FAC3000 - 0x000000000000D000 (0x0000000000020008)
SetUefiImageMemoryAttributes - 0x000000003FAD0000 - 0x0000000000002000 (0x0000000000004008)
VarCheckLibRegisterSetVariableCheckHandler - 0x3FAC5A13 Success
Variable driver common space: 0x3FF9C 0x3FF9C 0x3FF9C
Variable driver will work with auth variable format!
InstallProtocolInterface: CD3D0A05-9E24-437C-A891-1EE053DB7638 3FAD0470
InstallProtocolInterface: AF23B340-97B4-4685-8D4F-A3F28169B21D 3FAD0440
InstallProtocolInterface: 1E5668E2-8481-11D4-BCF1-0080C73C8881 0
VarCheckLibRegisterSetVariableCheckHandler - 0x3FAC5D00 Success
InstallProtocolInterface: 81D1675C-86F6-48DF-BD95-9A6E4F0925C3 3FAD03C0
Loading driver 6C2004EF-4E0E-4BE4-B14C-340EB4AA5891
InstallProtocolInterface: 5B1B31A1-9562-11D2-8E3F-00A0C969723B 3F12EBC0
Loading driver at 0x0003FABD000 EntryPoint=0x0003FABF06B StatusCodeHandlerRuntimeDxe.efi
InstallProtocolInterface: BC62157E-3E33-4FEC-9920-2D3B36D750DF 3F12EA98
ProtectUefiImageCommon - 0x3F12EBC0
  - 0x000000003FABD000 - 0x0000000000005000
SetUefiImageMemoryAttributes - 0x000000003FABD000 - 0x0000000000001000 (0x0000000000004008)
SetUefiImageMemoryAttributes - 0x000000003FABE000 - 0x0000000000003000 (0x0000000000020008)
SetUefiImageMemoryAttributes - 0x000000003FAC1000 - 0x0000000000001000 (0x0000000000004008)
Loading driver 52FE8196-F9DE-4D07-B22F-51F77A0E7C41
InstallProtocolInterface: 5B1B31A1-9562-11D2-8E3F-00A0C969723B 3F12E340
Loading driver at 0x0003F0F2000 EntryPoint=0x0003F0F3956 LocalApicTimerDxe.efi
InstallProtocolInterface: BC62157E-3E33-4FEC-9920-2D3B36D750DF 3F12E698
ProtectUefiImageCommon - 0x3F12E340
  - 0x000000003F0F2000 - 0x0000000000002F80
InstallProtocolInterface: 26BACCB3-6F42-11D4-BCE7-0080C73C8881 3F0F4DC0
Loading driver 128FB770-5E79-4176-9E51-9BB268A17DD1
InstallProtocolInterface: 5B1B31A1-9562-11D2-8E3F-00A0C969723B 3F12D0C0
Loading driver at 0x0003F0B4000 EntryPoint=0x0003F0BB3D4 PciHostBridgeDxe.efi
InstallProtocolInterface: BC62157E-3E33-4FEC-9920-2D3B36D750DF 3F12DA98
ProtectUefiImageCommon - 0x3F12D0C0
  - 0x000000003F0B4000 - 0x000000000000A400
Select Item: 0x0
FW CFG Signature: 0x554D4551
Select Item: 0x1
FW CFG Revision: 0x3
QemuFwCfg interface (DMA) is supported.
Select Item: 0x19
Select Item: 0x19
PciHostBridgeUtilityInitRootBridge: populated root bus 0, with room for 255 subordinate bus(es)
RootBridge: PciRoot(0x0)
  Support/Attr: 70069 / 70069
    DmaAbove4G: No
NoExtConfSpace: Yes
     AllocAttr: 3 (CombineMemPMem Mem64Decode)
           Bus: 0 - FF Translation=0
            Io: C000 - FFFF Translation=0
           Mem: 80000000 - FBFFFFFF Translation=0
    MemAbove4G: 800000000 - FFFFFFFFF Translation=0
          PMem: FFFFFFFFFFFFFFFF - 0 Translation=0
   PMemAbove4G: FFFFFFFFFFFFFFFF - 0 Translation=0
InstallProtocolInterface: CF8034BE-6768-4D8B-B739-7CCE683A9FBE 3F12D7C0
InstallProtocolInterface: 09576E91-6D3F-11D2-8E39-00A0C969723B 3F12D518
InstallProtocolInterface: 2F707EBB-4A1A-11D4-9A38-0090273FC14D 3F10B1F0
Loading driver EBF342FE-B1D3-4EF8-957C-8048606FF671
InstallProtocolInterface: 5B1B31A1-9562-11D2-8E3F-00A0C969723B 3F10B440
Loading driver at 0x0003F082000 EntryPoint=0x0003F08487F SetupBrowser.efi
InstallProtocolInterface: BC62157E-3E33-4FEC-9920-2D3B36D750DF 3F10BA18
ProtectUefiImageCommon - 0x3F10B440
  - 0x000000003F082000 - 0x0000000000018C00
InstallProtocolInterface: B9D4C360-BCFB-4F9B-9298-53C136982258 3F09A730
InstallProtocolInterface: A770C357-B693-4E6D-A6CF-D21C728E550B 3F09A760
InstallProtocolInterface: 1F73B18D-4630-43C1-A1DE-6F80855D7DA4 3F09A740
Loading driver F9D88642-0737-49BC-81B5-6889CD57D9EA
InstallProtocolInterface: 5B1B31A1-9562-11D2-8E3F-00A0C969723B 3F10A2C0
Loading driver at 0x0003F0AD000 EntryPoint=0x0003F0B0647 SmbiosDxe.efi
InstallProtocolInterface: BC62157E-3E33-4FEC-9920-2D3B36D750DF 3F10AA18
ProtectUefiImageCommon - 0x3F10A2C0
  - 0x000000003F0AD000 - 0x0000000000006100
Select Item: 0x0
FW CFG Signature: 0x554D4551
Select Item: 0x1
FW CFG Revision: 0x3
QemuFwCfg interface (DMA) is supported.
Select Item: 0x19
Select Item: 0x19
Select Item: 0x26
DetectSmbiosVersion: SMBIOS version from QEMU: 0x0208
InstallProtocolInterface: 03583FF6-CB36-4940-947E-B9B39F4AFAF7 3F0B2FB0
Loading driver 17985E6F-E778-4D94-AEFA-C5DD2B77E186
InstallProtocolInterface: 5B1B31A1-9562-11D2-8E3F-00A0C969723B 3F109040
Loading driver at 0x0003F0A6000 EntryPoint=0x0003F0AA41F QemuFwCfgAcpiPlatform.efi
InstallProtocolInterface: BC62157E-3E33-4FEC-9920-2D3B36D750DF 3F109F18
ProtectUefiImageCommon - 0x3F109040
  - 0x000000003F0A6000 - 0x0000000000006F40
Select Item: 0x0
FW CFG Signature: 0x554D4551
Select Item: 0x1
FW CFG Revision: 0x3
QemuFwCfg interface (DMA) is supported.
AcpiPlatformEntryPoint: waiting for root bridges to be connected, registered callback
Loading driver FA20568B-548B-4B2B-81EF-1BA08D4A3CEC
InstallProtocolInterface: 5B1B31A1-9562-11D2-8E3F-00A0C969723B 3F109440
Loading driver at 0x0003F052000 EntryPoint=0x0003F057C45 BootScriptExecutorDxe.efi
InstallProtocolInterface: BC62157E-3E33-4FEC-9920-2D3B36D750DF 3F109C98
ProtectUefiImageCommon - 0x3F109440
  - 0x000000003F052000 - 0x0000000000017A80
Loading driver A487A478-51EF-48AA-8794-7BEE2A0562F1
InstallProtocolInterface: 5B1B31A1-9562-11D2-8E3F-00A0C969723B 3F105B40
Loading driver at 0x0003F09B000 EntryPoint=0x0003F0A170B tftpDynamicCommand.efi
InstallProtocolInterface: BC62157E-3E33-4FEC-9920-2D3B36D750DF 3F109718
InstallProtocolInterface: 6A1EE763-D47A-43B4-AABE-EF1DE2AB56FC 3F0A3DF0
ProtectUefiImageCommon - 0x3F105B40
  - 0x000000003F09B000 - 0x000000000000A940
InstallProtocolInterface: 3C7200E9-005F-4EA4-87DE-A3DFAC8A27C3 3F0A39C0
Loading driver 19618BCE-55AE-09C6-37E9-4CE04084C7A1
InstallProtocolInterface: 5B1B31A1-9562-11D2-8E3F-00A0C969723B 3F1052C0
Loading driver at 0x0003F045000 EntryPoint=0x0003F04CE86 httpDynamicCommand.efi
InstallProtocolInterface: BC62157E-3E33-4FEC-9920-2D3B36D750DF 3F104F18
InstallProtocolInterface: 6A1EE763-D47A-43B4-AABE-EF1DE2AB56FC 3F04FB30
ProtectUefiImageCommon - 0x3F1052C0
  - 0x000000003F045000 - 0x000000000000CDC0
InstallProtocolInterface: 3C7200E9-005F-4EA4-87DE-A3DFAC8A27C3 3F04F680
Loading driver 2F30DA26-F51B-4B6F-85C4-31873C281BCA
InstallProtocolInterface: 5B1B31A1-9562-11D2-8E3F-00A0C969723B 3F1041C0
Loading driver at 0x0003F07A000 EntryPoint=0x0003F07F074 LinuxInitrdDynamicShellCommand.efi
InstallProtocolInterface: BC62157E-3E33-4FEC-9920-2D3B36D750DF 3F104418
InstallProtocolInterface: 6A1EE763-D47A-43B4-AABE-EF1DE2AB56FC 3F081270
ProtectUefiImageCommon - 0x3F1041C0
  - 0x000000003F07A000 - 0x0000000000007D80
InstallProtocolInterface: 3C7200E9-005F-4EA4-87DE-A3DFAC8A27C3 3F080F50
Loading driver F74D20EE-37E7-48FC-97F7-9B1047749C69
InstallProtocolInterface: 5B1B31A1-9562-11D2-8E3F-00A0C969723B 3F0EE040
Loading driver at 0x0003F075000 EntryPoint=0x0003F07600A LogoDxe.efi
InstallProtocolInterface: BC62157E-3E33-4FEC-9920-2D3B36D750DF 3F0EFD18
InstallProtocolInterface: 6A1EE763-D47A-43B4-AABE-EF1DE2AB56FC 3F076CB0
ProtectUefiImageCommon - 0x3F0EE040
  - 0x000000003F075000 - 0x0000000000004C00
InstallProtocolInterface: 53CD299F-2BC1-40C0-8C07-23F64FDB30E0 3F076B00
Loading driver DCE1B094-7DC6-45D0-9FDD-D7FC3CC3E4EF
InstallProtocolInterface: 5B1B31A1-9562-11D2-8E3F-00A0C969723B 3F0C3040
Loading driver at 0x0003F03F000 EntryPoint=0x0003F041A7C QemuRamfbDxe.efi
InstallProtocolInterface: BC62157E-3E33-4FEC-9920-2D3B36D750DF 3F0EE918
ProtectUefiImageCommon - 0x3F0C3040
  - 0x000000003F03F000 - 0x0000000000005080
Select Item: 0x0
FW CFG Signature: 0x554D4551
Select Item: 0x1
FW CFG Revision: 0x3
QemuFwCfg interface (DMA) is supported.
Select Item: 0x19
Error: Image at 0003F03F000 start failed: Not Found
Loading driver FE5CEA76-4F72-49E8-986F-2CD899DFFE5D
InstallProtocolInterface: 5B1B31A1-9562-11D2-8E3F-00A0C969723B 3F0C3040
Loading driver at 0x0003F03F000 EntryPoint=0x0003F042EA6 FaultTolerantWriteDxe.efi
InstallProtocolInterface: BC62157E-3E33-4FEC-9920-2D3B36D750DF 3F0EE998
ProtectUefiImageCommon - 0x3F0C3040
  - 0x000000003F03F000 - 0x0000000000005C40
Ftw: FtwWorkSpaceLba - 0x41, WorkBlockSize  - 0x1000, FtwWorkSpaceBase - 0x0
Ftw: FtwSpareLba     - 0x42, SpareBlockSize - 0x1000
Ftw: NumberOfWorkBlock - 0x1, FtwWorkBlockLba - 0x41
Ftw: WorkSpaceLbaInSpare - 0x0, WorkSpaceBaseInSpare - 0x0
Ftw: Remaining work space size - FE0
InstallProtocolInterface: 3EBD9E82-2C78-4DE6-9786-8D4BFCB7C881 3F0C1028
NOTICE - AuthVariableLibInitialize() returns Unsupported!
Variable driver will continue to work without auth variable support!
RecordSecureBootPolicyVarData GetVariable SecureBoot Status E
InstallProtocolInterface: 6441F818-6362-4E44-B570-7DBA31DD2453 0
Loading driver 378D7B65-8DA9-4773-B6E4-A47826A833E1
InstallProtocolInterface: 5B1B31A1-9562-11D2-8E3F-00A0C969723B 3F0C3540
Loading driver at 0x0003FAB6000 EntryPoint=0x0003FAB93AB PcRtc.efi
InstallProtocolInterface: BC62157E-3E33-4FEC-9920-2D3B36D750DF 3F0C3C18
ProtectUefiImageCommon - 0x3F0C3540
  - 0x000000003FAB6000 - 0x0000000000007000
SetUefiImageMemoryAttributes - 0x000000003FAB6000 - 0x0000000000001000 (0x0000000000004008)
SetUefiImageMemoryAttributes - 0x000000003FAB7000 - 0x0000000000005000 (0x0000000000020008)
SetUefiImageMemoryAttributes - 0x000000003FABC000 - 0x0000000000001000 (0x0000000000004008)
InstallProtocolInterface: 27CFAC87-46CC-11D4-9A38-0090273FC14D 0
Loading driver F099D67F-71AE-4C36-B2A3-DCEB0EB2B7D8
InstallProtocolInterface: 5B1B31A1-9562-11D2-8E3F-00A0C969723B 3F0C0140
Loading driver at 0x0003F06F000 EntryPoint=0x0003F0700D9 WatchdogTimer.efi
InstallProtocolInterface: BC62157E-3E33-4FEC-9920-2D3B36D750DF 3F0C0B18
ProtectUefiImageCommon - 0x3F0C0140
  - 0x000000003F06F000 - 0x0000000000002040
InstallProtocolInterface: 665E3FF5-46CC-11D4-9A38-0090273FC14D 3F070EB0
Loading driver AD608272-D07F-4964-801E-7BD3B7888652
InstallProtocolInterface: 5B1B31A1-9562-11D2-8E3F-00A0C969723B 3F0C05C0
Loading driver at 0x0003FAB2000 EntryPoint=0x0003FAB3EAA MonotonicCounterRuntimeDxe.efi
InstallProtocolInterface: BC62157E-3E33-4FEC-9920-2D3B36D750DF 3F0BFB18
ProtectUefiImageCommon - 0x3F0C05C0
  - 0x000000003FAB2000 - 0x0000000000004000
SetUefiImageMemoryAttributes - 0x000000003FAB2000 - 0x0000000000001000 (0x0000000000004008)
SetUefiImageMemoryAttributes - 0x000000003FAB3000 - 0x0000000000002000 (0x0000000000020008)
SetUefiImageMemoryAttributes - 0x000000003FAB5000 - 0x0000000000001000 (0x0000000000004008)
InstallProtocolInterface: 1DA97072-BDDC-4B30-99F1-72A0B56FFF2A 0
Loading driver 42857F0A-13F2-4B21-8A23-53D3F714B840
InstallProtocolInterface: 5B1B31A1-9562-11D2-8E3F-00A0C969723B 3F0BF1C0
Loading driver at 0x0003FAAD000 EntryPoint=0x0003FAAF103 CapsuleRuntimeDxe.efi
InstallProtocolInterface: BC62157E-3E33-4FEC-9920-2D3B36D750DF 3F0BF798
ProtectUefiImageCommon - 0x3F0BF1C0
  - 0x000000003FAAD000 - 0x0000000000005000
SetUefiImageMemoryAttributes - 0x000000003FAAD000 - 0x0000000000001000 (0x0000000000004008)
SetUefiImageMemoryAttributes - 0x000000003FAAE000 - 0x0000000000003000 (0x0000000000020008)
SetUefiImageMemoryAttributes - 0x000000003FAB1000 - 0x0000000000001000 (0x0000000000004008)
InstallProtocolInterface: 5053697E-2CBC-4819-90D9-0580DEEE5754 0
Loading driver EBF8ED7C-0DD1-4787-84F1-F48D537DCACF
InstallProtocolInterface: 5B1B31A1-9562-11D2-8E3F-00A0C969723B 3F074D40
Loading driver at 0x0003F032000 EntryPoint=0x0003F035BDD DriverHealthManagerDxe.efi
InstallProtocolInterface: BC62157E-3E33-4FEC-9920-2D3B36D750DF 3F074898
ProtectUefiImageCommon - 0x3F074D40
  - 0x000000003F032000 - 0x0000000000006000
InstallProtocolInterface: 09576E91-6D3F-11D2-8E39-00A0C969723B 3F037DA0
InstallProtocolInterface: 330D4706-F2A0-4E4F-A369-B66FA8D54385 3F037D70
Loading driver 6D33944A-EC75-4855-A54D-809C75241F6C
InstallProtocolInterface: 5B1B31A1-9562-11D2-8E3F-00A0C969723B 3F073040
Loading driver at 0x0003EDE4000 EntryPoint=0x0003EDEBA80 BdsDxe.efi
InstallProtocolInterface: BC62157E-3E33-4FEC-9920-2D3B36D750DF 3F073618
ProtectUefiImageCommon - 0x3F073040
  - 0x000000003EDE4000 - 0x000000000001B580
Select Item: 0x0
FW CFG Signature: 0x554D4551
Select Item: 0x1
FW CFG Revision: 0x3
QemuFwCfg interface (DMA) is supported.
InstallProtocolInterface: 665E3FF6-46CC-11D4-9A38-0090273FC14D 3EDFECC0
Loading driver 28A03FF4-12B3-4305-A417-BB1A4F94081E
InstallProtocolInterface: 5B1B31A1-9562-11D2-8E3F-00A0C969723B 3F072D40
Loading driver at 0x0003F01C000 EntryPoint=0x0003F022B3D RamDiskDxe.efi
InstallProtocolInterface: BC62157E-3E33-4FEC-9920-2D3B36D750DF 3F072B98
ProtectUefiImageCommon - 0x3F072D40
  - 0x000000003F01C000 - 0x000000000000AB40
InstallProtocolInterface: 09576E91-6D3F-11D2-8E39-00A0C969723B 3F072798
InstallProtocolInterface: 330D4706-F2A0-4E4F-A369-B66FA8D54385 3F0268B8
InstallProtocolInterface: 09576E91-6D3F-11D2-8E39-00A0C969723B 3F0267A0
InstallProtocolInterface: 330D4706-F2A0-4E4F-A369-B66FA8D54385 3F0723B0
InstallProtocolInterface: AB38A0DF-6873-44A9-87E6-D4EB56148449 3F0267F0
InstallProtocolInterface: 28A03FF4-12B3-4305-A417-BB1A4F94081E 3F072398
Loading driver E660EA85-058E-4B55-A54B-F02F83A24707
InstallProtocolInterface: 5B1B31A1-9562-11D2-8E3F-00A0C969723B 3F06C6C0
Loading driver at 0x0003EDD0000 EntryPoint=0x0003EDD6454 DisplayEngine.efi
InstallProtocolInterface: BC62157E-3E33-4FEC-9920-2D3B36D750DF 3F06D718
ProtectUefiImageCommon - 0x3F06C6C0
  - 0x000000003EDD0000 - 0x00000000000137C0
InstallProtocolInterface: 9BBE29E9-FDA1-41EC-AD52-452213742D2E 3EDE1C50
InstallProtocolInterface: 4311EDC0-6054-46D4-9E40-893EA952FCCC 3EDE1C68
Loading driver 4110465D-5FF3-4F4B-B580-24ED0D06747A
InstallProtocolInterface: 5B1B31A1-9562-11D2-8E3F-00A0C969723B 3F03C7C0
Loading driver at 0x0003F02A000 EntryPoint=0x0003F02BB43 SmbiosPlatformDxe.efi
InstallProtocolInterface: BC62157E-3E33-4FEC-9920-2D3B36D750DF 3F06C998
ProtectUefiImageCommon - 0x3F03C7C0
  - 0x000000003F02A000 - 0x00000000000037C0
Select Item: 0x0
FW CFG Signature: 0x554D4551
Select Item: 0x1
FW CFG Revision: 0x3
QemuFwCfg interface (DMA) is supported.
Select Item: 0x19
Select Item: 0x27
SmbiosAdd: Smbios type 1 with size 0x53 is added to 32-bit table
SmbiosCreateTable: Initialize 32-bit entry point structure
SmbiosCreateTable() re-allocate SMBIOS 32-bit table
SmbiosAdd: Smbios type 3 with size 0x2C is added to 32-bit table
SmbiosAdd: Smbios type 4 with size 0x46 is added to 32-bit table
SmbiosAdd: Smbios type 16 with size 0x19 is added to 32-bit table
SmbiosAdd: Smbios type 17 with size 0x35 is added to 32-bit table
SmbiosAdd: Smbios type 19 with size 0x21 is added to 32-bit table
SmbiosAdd: Smbios type 32 with size 0xD is added to 32-bit table
SmbiosAdd: Smbios type 0 with size 0x4A is added to 32-bit table
Loading driver D9DCC5DF-4007-435E-9098-8970935504B2
InstallProtocolInterface: 5B1B31A1-9562-11D2-8E3F-00A0C969723B 3F0391C0
Loading driver at 0x0003F012000 EntryPoint=0x0003F014815 PlatformDxe.efi
InstallProtocolInterface: BC62157E-3E33-4FEC-9920-2D3B36D750DF 3F03C298
ProtectUefiImageCommon - 0x3F0391C0
  - 0x000000003F012000 - 0x0000000000004980
InstallProtocolInterface: 09576E91-6D3F-11D2-8E39-00A0C969723B 3F0167C0
InstallProtocolInterface: 330D4706-F2A0-4E4F-A369-B66FA8D54385 3F016890
Loading driver 93B80004-9FB3-11D4-9A3A-0090273FC14D
InstallProtocolInterface: 5B1B31A1-9562-11D2-8E3F-00A0C969723B 3F038140
Loading driver at 0x0003EDC0000 EntryPoint=0x0003EDC2B8B PciBusDxe.efi
InstallProtocolInterface: BC62157E-3E33-4FEC-9920-2D3B36D750DF 3F038398
ProtectUefiImageCommon - 0x3F038140
  - 0x000000003EDC0000 - 0x000000000000F080
InstallProtocolInterface: 18A031AB-B443-4D1A-A5C0-0C09261E9F71 3EDCED20
InstallProtocolInterface: 107A772C-D5E1-11D4-9A46-0090273FC14D 3EDCECF0
InstallProtocolInterface: 6A7A5CFF-E8D9-4F70-BADA-75AB3025CE14 3EDCECD0
InstallProtocolInterface: 19CB87AB-2CB9-4665-8360-DDCF6054F79D 3EDCECB0
Loading driver 83DD3B39-7CAF-4FAC-A542-E050B767E3A7
InstallProtocolInterface: 5B1B31A1-9562-11D2-8E3F-00A0C969723B 3F0317C0
Loading driver at 0x0003F00E000 EntryPoint=0x0003F00FD80 VirtioPciDeviceDxe.efi
InstallProtocolInterface: BC62157E-3E33-4FEC-9920-2D3B36D750DF 3F031598
ProtectUefiImageCommon - 0x3F0317C0
  - 0x000000003F00E000 - 0x0000000000003200
InstallProtocolInterface: 18A031AB-B443-4D1A-A5C0-0C09261E9F71 3F011060
InstallProtocolInterface: 107A772C-D5E1-11D4-9A46-0090273FC14D 3F011040
InstallProtocolInterface: 6A7A5CFF-E8D9-4F70-BADA-75AB3025CE14 3F011020
Loading driver 0170F60C-1D40-4651-956D-F0BD9879D527
InstallProtocolInterface: 5B1B31A1-9562-11D2-8E3F-00A0C969723B 3F030040
Loading driver at 0x0003F009000 EntryPoint=0x0003F00C461 Virtio10.efi
InstallProtocolInterface: BC62157E-3E33-4FEC-9920-2D3B36D750DF 3F031298
ProtectUefiImageCommon - 0x3F030040
  - 0x000000003F009000 - 0x0000000000004D80
InstallProtocolInterface: 18A031AB-B443-4D1A-A5C0-0C09261E9F71 3F00DC20
InstallProtocolInterface: 107A772C-D5E1-11D4-9A46-0090273FC14D 3F00DC00
InstallProtocolInterface: 6A7A5CFF-E8D9-4F70-BADA-75AB3025CE14 3F00DBE0
Loading driver 11D92DFB-3CA9-4F93-BA2E-4780ED3E03B5
InstallProtocolInterface: 5B1B31A1-9562-11D2-8E3F-00A0C969723B 3F030440
Loading driver at 0x0003F005000 EntryPoint=0x0003F00734B VirtioBlkDxe.efi
InstallProtocolInterface: BC62157E-3E33-4FEC-9920-2D3B36D750DF 3F030B98
ProtectUefiImageCommon - 0x3F030440
  - 0x000000003F005000 - 0x00000000000037C0
InstallProtocolInterface: 18A031AB-B443-4D1A-A5C0-0C09261E9F71 3F008640
InstallProtocolInterface: 107A772C-D5E1-11D4-9A46-0090273FC14D 3F008620
InstallProtocolInterface: 6A7A5CFF-E8D9-4F70-BADA-75AB3025CE14 3F008600
Loading driver FAB5D4F4-83C0-4AAF-8480-442D11DF6CEA
InstallProtocolInterface: 5B1B31A1-9562-11D2-8E3F-00A0C969723B 3F02F040
Loading driver at 0x0003F001000 EntryPoint=0x0003F00386D VirtioScsiDxe.efi
InstallProtocolInterface: BC62157E-3E33-4FEC-9920-2D3B36D750DF 3F02FF18
ProtectUefiImageCommon - 0x3F02F040
  - 0x000000003F001000 - 0x0000000000003C80
InstallProtocolInterface: 18A031AB-B443-4D1A-A5C0-0C09261E9F71 3F004B00
InstallProtocolInterface: 107A772C-D5E1-11D4-9A46-0090273FC14D 3F004AE0
InstallProtocolInterface: 6A7A5CFF-E8D9-4F70-BADA-75AB3025CE14 3F004AC0
Loading driver 58E26F0D-CBAC-4BBA-B70F-18221415665A
InstallProtocolInterface: 5B1B31A1-9562-11D2-8E3F-00A0C969723B 3F02F440
Loading driver at 0x0003EDBC000 EntryPoint=0x0003EDBDE21 VirtioRngDxe.efi
InstallProtocolInterface: BC62157E-3E33-4FEC-9920-2D3B36D750DF 3F02F698
ProtectUefiImageCommon - 0x3F02F440
  - 0x000000003EDBC000 - 0x0000000000003180
InstallProtocolInterface: 18A031AB-B443-4D1A-A5C0-0C09261E9F71 3EDBF020
InstallProtocolInterface: 107A772C-D5E1-11D4-9A46-0090273FC14D 3EDBF000
InstallProtocolInterface: 6A7A5CFF-E8D9-4F70-BADA-75AB3025CE14 3EDBEFE0
Loading driver 51CCF399-4FDF-4E55-A45B-E123F84D456A
InstallProtocolInterface: 5B1B31A1-9562-11D2-8E3F-00A0C969723B 3F02EB40
Loading driver at 0x0003EDB7000 EntryPoint=0x0003EDB97C3 ConPlatformDxe.efi
InstallProtocolInterface: BC62157E-3E33-4FEC-9920-2D3B36D750DF 3F02EE18
ProtectUefiImageCommon - 0x3F02EB40
  - 0x000000003EDB7000 - 0x0000000000004140
InstallProtocolInterface: 18A031AB-B443-4D1A-A5C0-0C09261E9F71 3EDBAEE0
InstallProtocolInterface: 107A772C-D5E1-11D4-9A46-0090273FC14D 3EDBAF50
InstallProtocolInterface: 6A7A5CFF-E8D9-4F70-BADA-75AB3025CE14 3EDBAF30
InstallProtocolInterface: 18A031AB-B443-4D1A-A5C0-0C09261E9F71 3EDBAEA0
InstallProtocolInterface: 107A772C-D5E1-11D4-9A46-0090273FC14D 3EDBAF50
InstallProtocolInterface: 6A7A5CFF-E8D9-4F70-BADA-75AB3025CE14 3EDBAF30
Loading driver 408EDCEC-CF6D-477C-A5A8-B4844E3DE281
InstallProtocolInterface: 5B1B31A1-9562-11D2-8E3F-00A0C969723B 3F02E240
Loading driver at 0x0003EDA7000 EntryPoint=0x0003EDAC19A ConSplitterDxe.efi
InstallProtocolInterface: BC62157E-3E33-4FEC-9920-2D3B36D750DF 3F02E518
ProtectUefiImageCommon - 0x3F02E240
  - 0x000000003EDA7000 - 0x00000000000076C0
InstallProtocolInterface: 18A031AB-B443-4D1A-A5C0-0C09261E9F71 3EDAE340
InstallProtocolInterface: 107A772C-D5E1-11D4-9A46-0090273FC14D 3EDAE310
InstallProtocolInterface: 6A7A5CFF-E8D9-4F70-BADA-75AB3025CE14 3EDAE2F0
InstallProtocolInterface: 18A031AB-B443-4D1A-A5C0-0C09261E9F71 3EDAE2C0
InstallProtocolInterface: 107A772C-D5E1-11D4-9A46-0090273FC14D 3EDAE290
InstallProtocolInterface: 6A7A5CFF-E8D9-4F70-BADA-75AB3025CE14 3EDAE270
InstallProtocolInterface: 18A031AB-B443-4D1A-A5C0-0C09261E9F71 3EDAE240
InstallProtocolInterface: 107A772C-D5E1-11D4-9A46-0090273FC14D 3EDAE210
InstallProtocolInterface: 6A7A5CFF-E8D9-4F70-BADA-75AB3025CE14 3EDAE1F0
InstallProtocolInterface: 18A031AB-B443-4D1A-A5C0-0C09261E9F71 3EDAE1C0
InstallProtocolInterface: 107A772C-D5E1-11D4-9A46-0090273FC14D 3EDAE190
InstallProtocolInterface: 6A7A5CFF-E8D9-4F70-BADA-75AB3025CE14 3EDAE170
InstallProtocolInterface: 18A031AB-B443-4D1A-A5C0-0C09261E9F71 3EDAE140
InstallProtocolInterface: 107A772C-D5E1-11D4-9A46-0090273FC14D 3EDAE110
InstallProtocolInterface: 6A7A5CFF-E8D9-4F70-BADA-75AB3025CE14 3EDAE0F0
InstallProtocolInterface: 387477C1-69C7-11D2-8E39-00A0C969723B 3EDADF70
InstallProtocolInterface: DD9E7534-7762-4698-8C14-F58517A625AA 3EDADFA0
InstallProtocolInterface: 31878C87-0B75-11D5-9A4F-0090273FC14D 3EDAE010
InstallProtocolInterface: 8D59D32B-C655-4AE9-9B15-F25904992A43 3EDAE068
InstallProtocolInterface: 387477C2-69C7-11D2-8E39-00A0C969723B 3EDAE3B0
InstallProtocolInterface: 387477C2-69C7-11D2-8E39-00A0C969723B 3EDADE10
Loading driver CCCB0C28-4B24-11D5-9A5A-0090273FC14D
InstallProtocolInterface: 5B1B31A1-9562-11D2-8E3F-00A0C969723B 3F01B9C0
Loading driver at 0x0003EDA0000 EntryPoint=0x0003EDA3112 GraphicsConsoleDxe.efi
InstallProtocolInterface: BC62157E-3E33-4FEC-9920-2D3B36D750DF 3F01B318
ProtectUefiImageCommon - 0x3F01B9C0
  - 0x000000003EDA0000 - 0x00000000000060C0
InstallProtocolInterface: 18A031AB-B443-4D1A-A5C0-0C09261E9F71 3EDA5EC0
InstallProtocolInterface: 107A772C-D5E1-11D4-9A46-0090273FC14D 3EDA5EA0
InstallProtocolInterface: 6A7A5CFF-E8D9-4F70-BADA-75AB3025CE14 3EDA5E80
Loading driver 9E863906-A40F-4875-977F-5B93FF237FC6
InstallProtocolInterface: 5B1B31A1-9562-11D2-8E3F-00A0C969723B 3F01AB40
Loading driver at 0x0003ED90000 EntryPoint=0x0003ED95A1B TerminalDxe.efi
InstallProtocolInterface: BC62157E-3E33-4FEC-9920-2D3B36D750DF 3F01A098
ProtectUefiImageCommon - 0x3F01AB40
  - 0x000000003ED90000 - 0x0000000000007EC0
InstallProtocolInterface: 18A031AB-B443-4D1A-A5C0-0C09261E9F71 3ED97CA0
InstallProtocolInterface: 107A772C-D5E1-11D4-9A46-0090273FC14D 3ED97C70
InstallProtocolInterface: 6A7A5CFF-E8D9-4F70-BADA-75AB3025CE14 3ED97C50
Loading driver 806040CA-DAD9-4978-A3B4-2D2AB0C8A48F
InstallProtocolInterface: 5B1B31A1-9562-11D2-8E3F-00A0C969723B 3F01A240
Loading driver at 0x0003ED9B000 EntryPoint=0x0003ED9D411 QemuKernelLoaderFsDxe.efi
InstallProtocolInterface: BC62157E-3E33-4FEC-9920-2D3B36D750DF 3F01A618
ProtectUefiImageCommon - 0x3F01A240
  - 0x000000003ED9B000 - 0x0000000000004600
Select Item: 0x0
FW CFG Signature: 0x554D4551
Select Item: 0x1
FW CFG Revision: 0x3
QemuFwCfg interface (DMA) is supported.
Select Item: 0x17
Select Item: 0x8
Select Item: 0xB
Select Item: 0x14
Error: Image at 0003ED9B000 start failed: Not Found
Loading driver 6B38F7B4-AD98-40E9-9093-ACA2B5A253C4
InstallProtocolInterface: 5B1B31A1-9562-11D2-8E3F-00A0C969723B 3F01A240
Loading driver at 0x0003ED9B000 EntryPoint=0x0003ED9E046 DiskIoDxe.efi
InstallProtocolInterface: BC62157E-3E33-4FEC-9920-2D3B36D750DF 3F01A598
ProtectUefiImageCommon - 0x3F01A240
  - 0x000000003ED9B000 - 0x0000000000004A80
InstallProtocolInterface: 18A031AB-B443-4D1A-A5C0-0C09261E9F71 3ED9F900
InstallProtocolInterface: 107A772C-D5E1-11D4-9A46-0090273FC14D 3ED9F8D0
InstallProtocolInterface: 6A7A5CFF-E8D9-4F70-BADA-75AB3025CE14 3ED9F8B0
Loading driver 1FA1F39E-FEFF-4AAE-BD7B-38A070A3B609
InstallProtocolInterface: 5B1B31A1-9562-11D2-8E3F-00A0C969723B 3F0190C0
Loading driver at 0x0003ED82000 EntryPoint=0x0003ED86BC7 PartitionDxe.efi
InstallProtocolInterface: BC62157E-3E33-4FEC-9920-2D3B36D750DF 3F019A98
ProtectUefiImageCommon - 0x3F0190C0
  - 0x000000003ED82000 - 0x0000000000006800
InstallProtocolInterface: 18A031AB-B443-4D1A-A5C0-0C09261E9F71 3ED88660
InstallProtocolInterface: 107A772C-D5E1-11D4-9A46-0090273FC14D 3ED88640
InstallProtocolInterface: 6A7A5CFF-E8D9-4F70-BADA-75AB3025CE14 3ED88620
Loading driver CD3BAFB6-50FB-4FE8-8E4E-AB74D2C1A600
InstallProtocolInterface: 5B1B31A1-9562-11D2-8E3F-00A0C969723B 3F0194C0
Loading driver at 0x0003EDAF000 EntryPoint=0x0003EDB02B9 EnglishDxe.efi
InstallProtocolInterface: BC62157E-3E33-4FEC-9920-2D3B36D750DF 3F018018
ProtectUefiImageCommon - 0x3F0194C0
  - 0x000000003EDAF000 - 0x00000000000022C0
InstallProtocolInterface: 1D85CD7F-F43D-11D2-9A0C-0090273FC14D 3EDB0E20
InstallProtocolInterface: A4C751FC-23AE-4C3E-92E9-4964CF63F349 3EDB0DC0
Loading driver 0167CCC4-D0F7-4F21-A3EF-9E64B7CDCE8B
InstallProtocolInterface: 5B1B31A1-9562-11D2-8E3F-00A0C969723B 3F0188C0
Loading driver at 0x0003ED7D000 EntryPoint=0x0003ED7FBB9 ScsiBus.efi
InstallProtocolInterface: BC62157E-3E33-4FEC-9920-2D3B36D750DF 3F018218
ProtectUefiImageCommon - 0x3F0188C0
  - 0x000000003ED7D000 - 0x0000000000004180
InstallProtocolInterface: 18A031AB-B443-4D1A-A5C0-0C09261E9F71 3ED80FE0
InstallProtocolInterface: 107A772C-D5E1-11D4-9A46-0090273FC14D 3ED80FC0
InstallProtocolInterface: 6A7A5CFF-E8D9-4F70-BADA-75AB3025CE14 3ED80FA0
Loading driver 0A66E322-3740-4CCE-AD62-BD172CECCA35
InstallProtocolInterface: 5B1B31A1-9562-11D2-8E3F-00A0C969723B 3F0183C0
Loading driver at 0x0003ED69000 EntryPoint=0x0003ED710B6 ScsiDisk.efi
InstallProtocolInterface: BC62157E-3E33-4FEC-9920-2D3B36D750DF 3F017B18
ProtectUefiImageCommon - 0x3F0183C0
  - 0x000000003ED69000 - 0x0000000000009C80
InstallProtocolInterface: 18A031AB-B443-4D1A-A5C0-0C09261E9F71 3ED72B20
InstallProtocolInterface: 107A772C-D5E1-11D4-9A46-0090273FC14D 3ED72AF0
InstallProtocolInterface: 6A7A5CFF-E8D9-4F70-BADA-75AB3025CE14 3ED72AD0
Loading driver 021722D8-522B-4079-852A-FE44C2C13F49
InstallProtocolInterface: 5B1B31A1-9562-11D2-8E3F-00A0C969723B 3F0177C0
Loading driver at 0x0003ED79000 EntryPoint=0x0003ED7AF0B SataController.efi
InstallProtocolInterface: BC62157E-3E33-4FEC-9920-2D3B36D750DF 3F017D18
ProtectUefiImageCommon - 0x3F0177C0
  - 0x000000003ED79000 - 0x0000000000003440
InstallProtocolInterface: 18A031AB-B443-4D1A-A5C0-0C09261E9F71 3ED7C2E0
InstallProtocolInterface: 107A772C-D5E1-11D4-9A46-0090273FC14D 3ED7C2C0
InstallProtocolInterface: 6A7A5CFF-E8D9-4F70-BADA-75AB3025CE14 3ED7C2A0
Loading driver 5E523CB4-D397-4986-87BD-A6DD8B22F455
InstallProtocolInterface: 5B1B31A1-9562-11D2-8E3F-00A0C969723B 3F000040
Loading driver at 0x0003ED51000 EntryPoint=0x0003ED59994 AtaAtapiPassThruDxe.efi
InstallProtocolInterface: BC62157E-3E33-4FEC-9920-2D3B36D750DF 3F000D18
ProtectUefiImageCommon - 0x3F000040
  - 0x000000003ED51000 - 0x000000000000B780
InstallProtocolInterface: 18A031AB-B443-4D1A-A5C0-0C09261E9F71 3ED5C560
InstallProtocolInterface: 107A772C-D5E1-11D4-9A46-0090273FC14D 3ED5C530
InstallProtocolInterface: 6A7A5CFF-E8D9-4F70-BADA-75AB3025CE14 3ED5C510
Loading driver 19DF145A-B1D4-453F-8507-38816676D7F6
InstallProtocolInterface: 5B1B31A1-9562-11D2-8E3F-00A0C969723B 3F0009C0
Loading driver at 0x0003ED62000 EntryPoint=0x0003ED66672 AtaBusDxe.efi
InstallProtocolInterface: BC62157E-3E33-4FEC-9920-2D3B36D750DF 3F000898
ProtectUefiImageCommon - 0x3F0009C0
  - 0x000000003ED62000 - 0x0000000000006B00
InstallProtocolInterface: 18A031AB-B443-4D1A-A5C0-0C09261E9F71 3ED68920
InstallProtocolInterface: 107A772C-D5E1-11D4-9A46-0090273FC14D 3ED688F0
InstallProtocolInterface: 6A7A5CFF-E8D9-4F70-BADA-75AB3025CE14 3ED688D0
Loading driver 5BE3BDF4-53CF-46A3-A6A9-73C34A6E5EE3
InstallProtocolInterface: 5B1B31A1-9562-11D2-8E3F-00A0C969723B 3EDB4040
Loading driver at 0x0003ED3D000 EntryPoint=0x0003ED444DD NvmExpressDxe.efi
InstallProtocolInterface: BC62157E-3E33-4FEC-9920-2D3B36D750DF 3F000598
ProtectUefiImageCommon - 0x3EDB4040
  - 0x000000003ED3D000 - 0x0000000000009E00
InstallProtocolInterface: 18A031AB-B443-4D1A-A5C0-0C09261E9F71 3ED46C60
InstallProtocolInterface: 107A772C-D5E1-11D4-9A46-0090273FC14D 3ED46C40
InstallProtocolInterface: 6A7A5CFF-E8D9-4F70-BADA-75AB3025CE14 3ED46C20
InstallProtocolInterface: 5C198761-16A8-4E69-972C-89D67954F81D 3ED46C10
Loading driver 864E1CA8-85EB-4D63-9DCC-6E0FC90FFD55
InstallProtocolInterface: 5B1B31A1-9562-11D2-8E3F-00A0C969723B 3EDB4440
Loading driver at 0x0003ED75000 EntryPoint=0x0003ED76EDF SioBusDxe.efi
InstallProtocolInterface: BC62157E-3E33-4FEC-9920-2D3B36D750DF 3EDB4798
ProtectUefiImageCommon - 0x3EDB4440
  - 0x000000003ED75000 - 0x0000000000003400
InstallProtocolInterface: 18A031AB-B443-4D1A-A5C0-0C09261E9F71 3ED78260
InstallProtocolInterface: 107A772C-D5E1-11D4-9A46-0090273FC14D 3ED78240
InstallProtocolInterface: 6A7A5CFF-E8D9-4F70-BADA-75AB3025CE14 3ED78220
Loading driver E2775B47-D453-4EE3-ADA7-391A1B05AC17
InstallProtocolInterface: 5B1B31A1-9562-11D2-8E3F-00A0C969723B 3EDB3B40
Loading driver at 0x0003ED4A000 EntryPoint=0x0003ED4E6EC PciSioSerialDxe.efi
InstallProtocolInterface: BC62157E-3E33-4FEC-9920-2D3B36D750DF 3EDB3098
ProtectUefiImageCommon - 0x3EDB3B40
  - 0x000000003ED4A000 - 0x00000000000062C0
InstallProtocolInterface: 18A031AB-B443-4D1A-A5C0-0C09261E9F71 3ED50100
InstallProtocolInterface: 107A772C-D5E1-11D4-9A46-0090273FC14D 3ED500E0
InstallProtocolInterface: 6A7A5CFF-E8D9-4F70-BADA-75AB3025CE14 3ED500C0
Loading driver C4D1F932-821F-4744-BF06-6D30F7730F8D
InstallProtocolInterface: 5B1B31A1-9562-11D2-8E3F-00A0C969723B 3EDB3240
Loading driver at 0x0003ED37000 EntryPoint=0x0003ED3AE0E Ps2KeyboardDxe.efi
InstallProtocolInterface: BC62157E-3E33-4FEC-9920-2D3B36D750DF 3EDB3598
ProtectUefiImageCommon - 0x3EDB3240
  - 0x000000003ED37000 - 0x0000000000005F80
InstallProtocolInterface: 18A031AB-B443-4D1A-A5C0-0C09261E9F71 3ED3CDC0
InstallProtocolInterface: 107A772C-D5E1-11D4-9A46-0090273FC14D 3ED3CD90
InstallProtocolInterface: 6A7A5CFF-E8D9-4F70-BADA-75AB3025CE14 3ED3CD70
Loading driver B8E62775-BB0A-43F0-A843-5BE8B14F8CCD
InstallProtocolInterface: 5B1B31A1-9562-11D2-8E3F-00A0C969723B 3EDB2CC0
Loading driver at 0x0003ED8D000 EntryPoint=0x0003ED8E6BC BootGraphicsResourceTableDxe.efi
InstallProtocolInterface: BC62157E-3E33-4FEC-9920-2D3B36D750DF 3EDB2918
ProtectUefiImageCommon - 0x3EDB2CC0
  - 0x000000003ED8D000 - 0x0000000000002AC0
InstallProtocolInterface: CDEA2BD3-FC25-4C1C-B97C-B31186064990 3ED8F890
InstallProtocolInterface: 4B5DC1DF-1EAA-48B2-A7E9-EAC489A00B5C 3ED8F870
Loading driver 961578FE-B6B7-44C3-AF35-6BC705CD2B1F
InstallProtocolInterface: 5B1B31A1-9562-11D2-8E3F-00A0C969723B 3ED9A040
Loading driver at 0x0003ED23000 EntryPoint=0x0003ED2ABF8 Fat.efi
InstallProtocolInterface: BC62157E-3E33-4FEC-9920-2D3B36D750DF 3EDB2618
ProtectUefiImageCommon - 0x3ED9A040
  - 0x000000003ED23000 - 0x0000000000009F40
InstallProtocolInterface: 18A031AB-B443-4D1A-A5C0-0C09261E9F71 3ED2CDC0
InstallProtocolInterface: 107A772C-D5E1-11D4-9A46-0090273FC14D 3ED2CD90
InstallProtocolInterface: 6A7A5CFF-E8D9-4F70-BADA-75AB3025CE14 3ED2CD70
Loading driver 905F13B0-8F91-4B0A-BD76-E1E78F9422E4
InstallProtocolInterface: 5B1B31A1-9562-11D2-8E3F-00A0C969723B 3ED9A2C0
Loading driver at 0x0003ED1C000 EntryPoint=0x0003ED209CC UdfDxe.efi
InstallProtocolInterface: BC62157E-3E33-4FEC-9920-2D3B36D750DF 3ED9A518
ProtectUefiImageCommon - 0x3ED9A2C0
  - 0x000000003ED1C000 - 0x00000000000063C0
InstallProtocolInterface: 18A031AB-B443-4D1A-A5C0-0C09261E9F71 3ED22240
InstallProtocolInterface: 107A772C-D5E1-11D4-9A46-0090273FC14D 3ED22210
InstallProtocolInterface: 6A7A5CFF-E8D9-4F70-BADA-75AB3025CE14 3ED221F0
Loading driver 7BD9DDF7-8B83-488E-AEC9-24C78610289C
InstallProtocolInterface: 5B1B31A1-9562-11D2-8E3F-00A0C969723B 3ED9A6C0
Loading driver at 0x0003ED12000 EntryPoint=0x0003ED18FDC VirtioFsDxe.efi
InstallProtocolInterface: BC62157E-3E33-4FEC-9920-2D3B36D750DF 3ED99E98
ProtectUefiImageCommon - 0x3ED9A6C0
  - 0x000000003ED12000 - 0x0000000000009480
InstallProtocolInterface: 18A031AB-B443-4D1A-A5C0-0C09261E9F71 3ED1B380
InstallProtocolInterface: 6A7A5CFF-E8D9-4F70-BADA-75AB3025CE14 3ED1B350
Loading driver A2F436EA-A127-4EF8-957C-8048606FF670
InstallProtocolInterface: 5B1B31A1-9562-11D2-8E3F-00A0C969723B 3ED990C0
Loading driver at 0x0003ED0A000 EntryPoint=0x0003ED0F1C8 SnpDxe.efi
InstallProtocolInterface: BC62157E-3E33-4FEC-9920-2D3B36D750DF 3ED99918
ProtectUefiImageCommon - 0x3ED990C0
  - 0x000000003ED0A000 - 0x0000000000007500
InstallProtocolInterface: 18A031AB-B443-4D1A-A5C0-0C09261E9F71 3ED11380
InstallProtocolInterface: 107A772C-D5E1-11D4-9A46-0090273FC14D 3ED11350
InstallProtocolInterface: 6A7A5CFF-E8D9-4F70-BADA-75AB3025CE14 3ED11330
Loading driver E4F61863-FE2C-4B56-A8F4-08519BC439DF
InstallProtocolInterface: 5B1B31A1-9562-11D2-8E3F-00A0C969723B 3ED98040
Loading driver at 0x0003ED03000 EntryPoint=0x0003ED07505 VlanConfigDxe.efi
InstallProtocolInterface: BC62157E-3E33-4FEC-9920-2D3B36D750DF 3ED98E98
ProtectUefiImageCommon - 0x3ED98040
  - 0x000000003ED03000 - 0x0000000000006D40
InstallProtocolInterface: 18A031AB-B443-4D1A-A5C0-0C09261E9F71 3ED09B20
InstallProtocolInterface: 107A772C-D5E1-11D4-9A46-0090273FC14D 3ED09AF0
InstallProtocolInterface: 6A7A5CFF-E8D9-4F70-BADA-75AB3025CE14 3ED09AD0
Loading driver 025BBFC7-E6A9-4B8B-82AD-6815A1AEAF4A
InstallProtocolInterface: 5B1B31A1-9562-11D2-8E3F-00A0C969723B 3ED989C0
Loading driver at 0x0003ECED000 EntryPoint=0x0003ECF4618 MnpDxe.efi
InstallProtocolInterface: BC62157E-3E33-4FEC-9920-2D3B36D750DF 3ED98918
ProtectUefiImageCommon - 0x3ED989C0
  - 0x000000003ECED000 - 0x000000000000A500
InstallProtocolInterface: 18A031AB-B443-4D1A-A5C0-0C09261E9F71 3ECF7360
InstallProtocolInterface: 107A772C-D5E1-11D4-9A46-0090273FC14D 3ECF7340
InstallProtocolInterface: 6A7A5CFF-E8D9-4F70-BADA-75AB3025CE14 3ECF7320
Loading driver 529D3F93-E8E9-4E73-B1E1-BDF6A9D50113
InstallProtocolInterface: 5B1B31A1-9562-11D2-8E3F-00A0C969723B 3ED8C040
Loading driver at 0x0003ECFD000 EntryPoint=0x0003ED011D5 ArpDxe.efi
InstallProtocolInterface: BC62157E-3E33-4FEC-9920-2D3B36D750DF 3ED8CF18
ProtectUefiImageCommon - 0x3ED8C040
  - 0x000000003ECFD000 - 0x0000000000005F80
InstallProtocolInterface: 18A031AB-B443-4D1A-A5C0-0C09261E9F71 3ED02E20
InstallProtocolInterface: 107A772C-D5E1-11D4-9A46-0090273FC14D 3ED02DF0
InstallProtocolInterface: 6A7A5CFF-E8D9-4F70-BADA-75AB3025CE14 3ED02DD0
Loading driver 94734718-0BBC-47FB-96A5-EE7A5AE6A2AD
InstallProtocolInterface: 5B1B31A1-9562-11D2-8E3F-00A0C969723B 3ED8C440
Loading driver at 0x0003ECD7000 EntryPoint=0x0003ECDE7DF Dhcp4Dxe.efi
InstallProtocolInterface: BC62157E-3E33-4FEC-9920-2D3B36D750DF 3ED8CA18
ProtectUefiImageCommon - 0x3ED8C440
  - 0x000000003ECD7000 - 0x000000000000A7C0
InstallProtocolInterface: 18A031AB-B443-4D1A-A5C0-0C09261E9F71 3ECE15A0
InstallProtocolInterface: 107A772C-D5E1-11D4-9A46-0090273FC14D 3ECE1570
InstallProtocolInterface: 6A7A5CFF-E8D9-4F70-BADA-75AB3025CE14 3ECE1550
Loading driver 9FB1A1F3-3B71-4324-B39A-745CBB015FFF
InstallProtocolInterface: 5B1B31A1-9562-11D2-8E3F-00A0C969723B 3ED8B040
Loading driver at 0x0003ECAF000 EntryPoint=0x0003ECB1790 Ip4Dxe.efi
InstallProtocolInterface: BC62157E-3E33-4FEC-9920-2D3B36D750DF 3ED8BF18
ProtectUefiImageCommon - 0x3ED8B040
  - 0x000000003ECAF000 - 0x00000000000135C0
InstallProtocolInterface: 18A031AB-B443-4D1A-A5C0-0C09261E9F71 3ECC2260
InstallProtocolInterface: 107A772C-D5E1-11D4-9A46-0090273FC14D 3ECC2240
InstallProtocolInterface: 6A7A5CFF-E8D9-4F70-BADA-75AB3025CE14 3ECC2220
Loading driver 6D6963AB-906D-4A65-A7CA-BD40E5D6AF2B
InstallProtocolInterface: 5B1B31A1-9562-11D2-8E3F-00A0C969723B 3ED8B4C0
Loading driver at 0x0003ECE4000 EntryPoint=0x0003ECEA67B Udp4Dxe.efi
InstallProtocolInterface: BC62157E-3E33-4FEC-9920-2D3B36D750DF 3ED8B818
ProtectUefiImageCommon - 0x3ED8B4C0
  - 0x000000003ECE4000 - 0x0000000000008B40
InstallProtocolInterface: 18A031AB-B443-4D1A-A5C0-0C09261E9F71 3ECEC960
InstallProtocolInterface: 107A772C-D5E1-11D4-9A46-0090273FC14D 3ECEC940
InstallProtocolInterface: 6A7A5CFF-E8D9-4F70-BADA-75AB3025CE14 3ECEC920
Loading driver DC3641B8-2FA8-4ED3-BC1F-F9962A03454B
InstallProtocolInterface: 5B1B31A1-9562-11D2-8E3F-00A0C969723B 3ED8ACC0
Loading driver at 0x0003ECCD000 EntryPoint=0x0003ECD3F75 Mtftp4Dxe.efi
InstallProtocolInterface: BC62157E-3E33-4FEC-9920-2D3B36D750DF 3ED8A818
ProtectUefiImageCommon - 0x3ED8ACC0
  - 0x000000003ECCD000 - 0x0000000000009380
InstallProtocolInterface: 18A031AB-B443-4D1A-A5C0-0C09261E9F71 3ECD61A0
InstallProtocolInterface: 107A772C-D5E1-11D4-9A46-0090273FC14D 3ECD6180
InstallProtocolInterface: 6A7A5CFF-E8D9-4F70-BADA-75AB3025CE14 3ECD6160
Loading driver 1A7E4468-2F55-4A56-903C-01265EB7622B
InstallProtocolInterface: 5B1B31A1-9562-11D2-8E3F-00A0C969723B 3ED8A3C0
Loading driver at 0x0003EC89000 EntryPoint=0x0003EC8BF55 TcpDxe.efi
InstallProtocolInterface: BC62157E-3E33-4FEC-9920-2D3B36D750DF 3ED89F18
ProtectUefiImageCommon - 0x3ED8A3C0
  - 0x000000003EC89000 - 0x0000000000012180
InstallProtocolInterface: 18A031AB-B443-4D1A-A5C0-0C09261E9F71 3EC9ACE0
InstallProtocolInterface: 107A772C-D5E1-11D4-9A46-0090273FC14D 3EC9AD90
InstallProtocolInterface: 6A7A5CFF-E8D9-4F70-BADA-75AB3025CE14 3EC9AD70
InstallProtocolInterface: 18A031AB-B443-4D1A-A5C0-0C09261E9F71 3EC9ACA0
InstallProtocolInterface: 107A772C-D5E1-11D4-9A46-0090273FC14D 3EC9AD90
InstallProtocolInterface: 6A7A5CFF-E8D9-4F70-BADA-75AB3025CE14 3EC9AD70
Loading driver B95E9FDA-26DE-48D2-8807-1F9107AC5E3A
InstallProtocolInterface: 5B1B31A1-9562-11D2-8E3F-00A0C969723B 3ED89240
Loading driver at 0x0003EC77000 EntryPoint=0x0003EC7D2E3 UefiPxeBcDxe.efi
InstallProtocolInterface: BC62157E-3E33-4FEC-9920-2D3B36D750DF 3ED89498
ProtectUefiImageCommon - 0x3ED89240
  - 0x000000003EC77000 - 0x0000000000011D80
Select Item: 0x0
FW CFG Signature: 0x554D4551
Select Item: 0x1
FW CFG Revision: 0x3
QemuFwCfg interface (DMA) is supported.
Select Item: 0x19
Select Item: 0x19
InstallProtocolInterface: 18A031AB-B443-4D1A-A5C0-0C09261E9F71 3EC88860
InstallProtocolInterface: 107A772C-D5E1-11D4-9A46-0090273FC14D 3EC88900
InstallProtocolInterface: 6A7A5CFF-E8D9-4F70-BADA-75AB3025CE14 3EC888E0
InstallProtocolInterface: 18A031AB-B443-4D1A-A5C0-0C09261E9F71 3EC88820
InstallProtocolInterface: 107A772C-D5E1-11D4-9A46-0090273FC14D 3EC88900
InstallProtocolInterface: 6A7A5CFF-E8D9-4F70-BADA-75AB3025CE14 3EC888E0
Loading driver 86CDDF93-4872-4597-8AF9-A35AE4D3725F
InstallProtocolInterface: 5B1B31A1-9562-11D2-8E3F-00A0C969723B 3ED740C0
Loading driver at 0x0003EC39000 EntryPoint=0x0003EC40F35 IScsiDxe.efi
InstallProtocolInterface: BC62157E-3E33-4FEC-9920-2D3B36D750DF 3ED74A18
ProtectUefiImageCommon - 0x3ED740C0
  - 0x000000003EC39000 - 0x000000000001E940
InstallProtocolInterface: 18A031AB-B443-4D1A-A5C0-0C09261E9F71 3EC57400
InstallProtocolInterface: 107A772C-D5E1-11D4-9A46-0090273FC14D 3EC57460
InstallProtocolInterface: 6A7A5CFF-E8D9-4F70-BADA-75AB3025CE14 3EC57440
InstallProtocolInterface: 18A031AB-B443-4D1A-A5C0-0C09261E9F71 3EC573C0
InstallProtocolInterface: 107A772C-D5E1-11D4-9A46-0090273FC14D 3EC57460
InstallProtocolInterface: 6A7A5CFF-E8D9-4F70-BADA-75AB3025CE14 3EC57440
InstallProtocolInterface: 59324945-EC44-4C0D-B1CD-9DB139DF070C 3EC573B0
InstallProtocolInterface: 09576E91-6D3F-11D2-8E39-00A0C969723B 3EC574C0
InstallProtocolInterface: 330D4706-F2A0-4E4F-A369-B66FA8D54385 3ED73EA8
InstallProtocolInterface: 7671D9D0-53DB-4173-AA69-2327F21F0BC7 3EC57390
Loading driver A92CDB4B-82F1-4E0B-A516-8A655D371524
InstallProtocolInterface: 5B1B31A1-9562-11D2-8E3F-00A0C969723B 3ED73640
Loading driver at 0x0003ECC7000 EntryPoint=0x0003ECCAC97 VirtioNetDxe.efi
InstallProtocolInterface: BC62157E-3E33-4FEC-9920-2D3B36D750DF 3ED74D18
ProtectUefiImageCommon - 0x3ED73640
  - 0x000000003ECC7000 - 0x0000000000005780
InstallProtocolInterface: 18A031AB-B443-4D1A-A5C0-0C09261E9F71 3ECCC600
InstallProtocolInterface: 107A772C-D5E1-11D4-9A46-0090273FC14D 3ECCC5D0
InstallProtocolInterface: 6A7A5CFF-E8D9-4F70-BADA-75AB3025CE14 3ECCC5B0
Loading driver 2FB92EFA-2EE0-4BAE-9EB6-7464125E1EF7
InstallProtocolInterface: 5B1B31A1-9562-11D2-8E3F-00A0C969723B 3ED5D840
Loading driver at 0x0003EC9F000 EntryPoint=0x0003ECA4309 UhciDxe.efi
InstallProtocolInterface: BC62157E-3E33-4FEC-9920-2D3B36D750DF 3ED5DE98
ProtectUefiImageCommon - 0x3ED5D840
  - 0x000000003EC9F000 - 0x00000000000070C0
InstallProtocolInterface: 18A031AB-B443-4D1A-A5C0-0C09261E9F71 3ECA5F20
InstallProtocolInterface: 107A772C-D5E1-11D4-9A46-0090273FC14D 3ECA5F00
InstallProtocolInterface: 6A7A5CFF-E8D9-4F70-BADA-75AB3025CE14 3ECA5EE0
Loading driver BDFE430E-8F2A-4DB0-9991-6F856594777E
InstallProtocolInterface: 5B1B31A1-9562-11D2-8E3F-00A0C969723B 3ED5F040
Loading driver at 0x0003EC65000 EntryPoint=0x0003EC6B455 EhciDxe.efi
InstallProtocolInterface: BC62157E-3E33-4FEC-9920-2D3B36D750DF 3ED5FB98
ProtectUefiImageCommon - 0x3ED5F040
  - 0x000000003EC65000 - 0x0000000000008A80
InstallProtocolInterface: 18A031AB-B443-4D1A-A5C0-0C09261E9F71 3EC6D8E0
InstallProtocolInterface: 107A772C-D5E1-11D4-9A46-0090273FC14D 3EC6D8C0
InstallProtocolInterface: 6A7A5CFF-E8D9-4F70-BADA-75AB3025CE14 3EC6D8A0
Loading driver B7F50E91-A759-412C-ADE4-DCD03E7F7C28
InstallProtocolInterface: 5B1B31A1-9562-11D2-8E3F-00A0C969723B 3ED5FD40
Loading driver at 0x0003EC1D000 EntryPoint=0x0003EC26BDD XhciDxe.efi
InstallProtocolInterface: BC62157E-3E33-4FEC-9920-2D3B36D750DF 3ED5FA98
ProtectUefiImageCommon - 0x3ED5FD40
  - 0x000000003EC1D000 - 0x000000000000D080
InstallProtocolInterface: 18A031AB-B443-4D1A-A5C0-0C09261E9F71 3EC29EE0
InstallProtocolInterface: 107A772C-D5E1-11D4-9A46-0090273FC14D 3EC29EC0
InstallProtocolInterface: 6A7A5CFF-E8D9-4F70-BADA-75AB3025CE14 3EC29EA0
Loading driver 240612B7-A063-11D4-9A3A-0090273FC14D
InstallProtocolInterface: 5B1B31A1-9562-11D2-8E3F-00A0C969723B 3ED5E040
Loading driver at 0x0003EC2F000 EntryPoint=0x0003EC357F1 UsbBusDxe.efi
InstallProtocolInterface: BC62157E-3E33-4FEC-9920-2D3B36D750DF 3ED5F918
ProtectUefiImageCommon - 0x3ED5E040
  - 0x000000003EC2F000 - 0x00000000000095C0
InstallProtocolInterface: 18A031AB-B443-4D1A-A5C0-0C09261E9F71 3EC383C0
InstallProtocolInterface: 107A772C-D5E1-11D4-9A46-0090273FC14D 3EC38390
InstallProtocolInterface: 6A7A5CFF-E8D9-4F70-BADA-75AB3025CE14 3EC38370
Loading driver 2D2E62CF-9ECF-43B7-8219-94E7FC713DFE
InstallProtocolInterface: 5B1B31A1-9562-11D2-8E3F-00A0C969723B 3ED5E540
Loading driver at 0x0003EC70000 EntryPoint=0x0003EC741C4 UsbKbDxe.efi
InstallProtocolInterface: BC62157E-3E33-4FEC-9920-2D3B36D750DF 3ED5EA18
ProtectUefiImageCommon - 0x3ED5E540
  - 0x000000003EC70000 - 0x0000000000006580
InstallProtocolInterface: 18A031AB-B443-4D1A-A5C0-0C09261E9F71 3EC763A0
InstallProtocolInterface: 107A772C-D5E1-11D4-9A46-0090273FC14D 3EC76370
InstallProtocolInterface: 6A7A5CFF-E8D9-4F70-BADA-75AB3025CE14 3EC76350
Loading driver 9FB4B4A7-42C0-4BCD-8540-9BCC6711F83E
InstallProtocolInterface: 5B1B31A1-9562-11D2-8E3F-00A0C969723B 3ED5E7C0
Loading driver at 0x0003ECA9000 EntryPoint=0x0003ECACD91 UsbMassStorageDxe.efi
InstallProtocolInterface: BC62157E-3E33-4FEC-9920-2D3B36D750DF 3ED47C18
ProtectUefiImageCommon - 0x3ED5E7C0
  - 0x000000003ECA9000 - 0x0000000000005C80
InstallProtocolInterface: 18A031AB-B443-4D1A-A5C0-0C09261E9F71 3ECAEAE0
InstallProtocolInterface: 107A772C-D5E1-11D4-9A46-0090273FC14D 3ECAEAB0
InstallProtocolInterface: 6A7A5CFF-E8D9-4F70-BADA-75AB3025CE14 3ECAEA90
Loading driver E3752948-B9A1-4770-90C4-DF41C38986BE
InstallProtocolInterface: 5B1B31A1-9562-11D2-8E3F-00A0C969723B 3ED47540
Loading driver at 0x0003EC16000 EntryPoint=0x0003EC1A27A QemuVideoDxe.efi
InstallProtocolInterface: BC62157E-3E33-4FEC-9920-2D3B36D750DF 3ED47418
ProtectUefiImageCommon - 0x3ED47540
  - 0x000000003EC16000 - 0x0000000000006C00
InstallProtocolInterface: 18A031AB-B443-4D1A-A5C0-0C09261E9F71 3EC1CA60
InstallProtocolInterface: 107A772C-D5E1-11D4-9A46-0090273FC14D 3EC1CA30
InstallProtocolInterface: 6A7A5CFF-E8D9-4F70-BADA-75AB3025CE14 3EC1CA10
Loading driver D6099B94-CD97-4CC5-8714-7F6312701A8A
InstallProtocolInterface: 5B1B31A1-9562-11D2-8E3F-00A0C969723B 3ED32D40
Loading driver at 0x0003EC58000 EntryPoint=0x0003EC5C187 VirtioGpuDxe.efi
InstallProtocolInterface: BC62157E-3E33-4FEC-9920-2D3B36D750DF 3ED32C18
ProtectUefiImageCommon - 0x3ED32D40
  - 0x000000003EC58000 - 0x0000000000006000
InstallProtocolInterface: 18A031AB-B443-4D1A-A5C0-0C09261E9F71 3EC5DE80
InstallProtocolInterface: 6A7A5CFF-E8D9-4F70-BADA-75AB3025CE14 3EC5DE50
Driver 6490F1C5-EBCC-4665-8892-0075B9BB49B7 was discovered but not loaded!!
[Bds] Entry...
[BdsDxe] Locate Variable Policy protocol - Success
Variable Driver Auto Update PlatformLang, PlatformLang:en, Lang:eng Status: Success
PlatformBootManagerBeforeConsole
Registered NotifyDevPath Event
PCI Bus First Scanning
PciBus: Discovered PCI @ [00|00|00]

PciBus: Discovered PCI @ [00|01|00]

PciBus: Discovered PCI @ [00|01|01]
   BAR[4]: Type =   Io32; Alignment = 0xF;	Length = 0x10;	Offset = 0x20

PciBus: Discovered PCI @ [00|01|03]

PciBus: Discovered PCI @ [00|02|00]
   BAR[0]: Type =   Io32; Alignment = 0x7F;	Length = 0x80;	Offset = 0x10
   BAR[1]: Type =  Mem32; Alignment = 0xFFF;	Length = 0x1000;	Offset = 0x14
   BAR[4]: Type = PMem64; Alignment = 0x3FFF;	Length = 0x4000;	Offset = 0x20

PCI Bus Second Scanning
PciBus: Discovered PCI @ [00|00|00]

PciBus: Discovered PCI @ [00|01|00]

PciBus: Discovered PCI @ [00|01|01]
   BAR[4]: Type =   Io32; Alignment = 0xF;	Length = 0x10;	Offset = 0x20

PciBus: Discovered PCI @ [00|01|03]

PciBus: Discovered PCI @ [00|02|00]
   BAR[0]: Type =   Io32; Alignment = 0x7F;	Length = 0x80;	Offset = 0x10
   BAR[1]: Type =  Mem32; Alignment = 0xFFF;	Length = 0x1000;	Offset = 0x14
   BAR[4]: Type = PMem64; Alignment = 0x3FFF;	Length = 0x4000;	Offset = 0x20

PciBus: Discovered PCI @ [00|00|00]

PciBus: Discovered PCI @ [00|01|00]

PciBus: Discovered PCI @ [00|01|01]
   BAR[4]: Type =   Io32; Alignment = 0xF;	Length = 0x10;	Offset = 0x20

PciBus: Discovered PCI @ [00|01|03]

PciBus: Discovered PCI @ [00|02|00]
   BAR[0]: Type =   Io32; Alignment = 0x7F;	Length = 0x80;	Offset = 0x10
   BAR[1]: Type =  Mem32; Alignment = 0xFFF;	Length = 0x1000;	Offset = 0x14
   BAR[4]: Type = PMem64; Alignment = 0x3FFF;	Length = 0x4000;	Offset = 0x20

PciHostBridge: SubmitResources for PciRoot(0x0)
 I/O: Granularity/SpecificFlag = 0 / 01
      Length/Alignment = 0x1000 / 0xFFF
 Mem: Granularity/SpecificFlag = 32 / 00
      Length/Alignment = 0x100000 / 0xFFFFF
 Mem: Granularity/SpecificFlag = 64 / 00
      Length/Alignment = 0x100000 / 0xFFFFF
PciBus: HostBridge->SubmitResources() - Success
PciHostBridge: NotifyPhase (AllocateResources)
 RootBridge: PciRoot(0x0)
  Mem64: Base/Length/Alignment = 800000000/100000/FFFFF - Success
  Mem: Base/Length/Alignment = 80000000/100000/FFFFF - Success
  I/O: Base/Length/Alignment = C000/1000/FFF - Success
PciBus: HostBridge->NotifyPhase(AllocateResources) - Success
Process Option ROM: BAR Base/Length = 0/0
PciBus: Resource Map for Root Bridge PciRoot(0x0)
Type =   Io16; Base = 0xC000;	Length = 0x1000;	Alignment = 0xFFF
   Base = 0xC000;	Length = 0x80;	Alignment = 0x7F;	Owner = PCI [00|02|00:10]
   Base = 0xC080;	Length = 0x10;	Alignment = 0xF;	Owner = PCI [00|01|01:20]
Type =  Mem32; Base = 0x80000000;	Length = 0x100000;	Alignment = 0xFFFFF
   Base = 0x80000000;	Length = 0x1000;	Alignment = 0xFFF;	Owner = PCI [00|02|00:14]
Type =  Mem64; Base = 0x800000000;	Length = 0x100000;	Alignment = 0xFFFFF
   Base = 0x800000000;	Length = 0x4000;	Alignment = 0x3FFF;	Owner = PCI [00|02|00:20]; Type = PMem64

InstallProtocolInterface: 09576E91-6D3F-11D2-8E39-00A0C969723B 3ED32998
InstallProtocolInterface: 4CF5B200-68B8-4CA5-9EEC-B23E3F50029A 3ED316A8
InstallProtocolInterface: 09576E91-6D3F-11D2-8E39-00A0C969723B 3ED30E98
InstallProtocolInterface: 4CF5B200-68B8-4CA5-9EEC-B23E3F50029A 3ED30028
InstallProtocolInterface: 09576E91-6D3F-11D2-8E39-00A0C969723B 3ED30F18
InstallProtocolInterface: 4CF5B200-68B8-4CA5-9EEC-B23E3F50029A 3ED30428
InstallProtocolInterface: 09576E91-6D3F-11D2-8E39-00A0C969723B 3ED30F98
InstallProtocolInterface: 4CF5B200-68B8-4CA5-9EEC-B23E3F50029A 3ED30828
InstallProtocolInterface: 09576E91-6D3F-11D2-8E39-00A0C969723B 3ED2FE98
InstallProtocolInterface: 4CF5B200-68B8-4CA5-9EEC-B23E3F50029A 3ED2F028
InstallProtocolInterface: 30CFE3E7-3DE1-4586-BE20-DEABA1B3B793 0
OnRootBridgesConnected: root bridges have been connected, installing ACPI tables
Select Item: 0x19
Select Item: 0x29
Select Item: 0x19
Select Item: 0x28
Select Item: 0x19
Select Item: 0x22
Select Item: 0x19
Select Item: 0x23
InstallProtocolInterface: 928939B2-4235-462F-9580-F6A2B2C21A4F 3F0ACDA0
PcRtc: Write 0x20 to CMOS location 0x32
[Variable]END_OF_DXE is signaled
Initialize variable error flag (FF)
AcpiS3ContextSave!
AcpiS3Context: AcpiFacsTable is 0x3FBDD000
AcpiS3Context: IdtrProfile is 0x3FB6C000
AcpiS3Context: S3NvsPageTableAddress is 0x       0
AcpiS3Context: S3DebugBufferAddress is 0x3FB62000
AcpiS3Context: BootScriptStackBase is 0x3FB63000
AcpiS3Context: BootScriptStackSize is 0x    8000
Found LPC Bridge device
BdsPlatform.c+709: COM1 DevPath: PciRoot(0x0)/Pci(0x1,0x0)/Serial(0x0)/Uart(115200,8,N,1)/VenMsg(E0C14753-F9BE-11D2-9A0C-0090273FC14D)
BdsPlatform.c+747: COM2 DevPath: PciRoot(0x0)/Pci(0x1,0x0)/Serial(0x1)/Uart(115200,8,N,1)/VenMsg(E0C14753-F9BE-11D2-9A0C-0090273FC14D)
InstallProtocolInterface: 60FF8964-E906-41D0-AFED-F241E974E08E 0
InstallProtocolInterface: FA20568B-548B-4B2B-81EF-1BA08D4A3CEC 0
Found LPC Bridge device
BdsPlatform.c+709: COM1 DevPath: PciRoot(0x0)/Pci(0x1,0x0)/Serial(0x0)/Uart(115200,8,N,1)/VenMsg(E0C14753-F9BE-11D2-9A0C-0090273FC14D)
BdsPlatform.c+747: COM2 DevPath: PciRoot(0x0)/Pci(0x1,0x0)/Serial(0x1)/Uart(115200,8,N,1)/VenMsg(E0C14753-F9BE-11D2-9A0C-0090273FC14D)
Select Item: 0xE
[Bds]RegisterKeyNotify: 000C/0000 80000000/00 Success
[Bds]RegisterKeyNotify: 0017/0000 80000000/00 Success
[Bds]RegisterKeyNotify: 0000/000D 80000000/00 Success
InstallProtocolInterface: 864E1CA8-85EB-4D63-9DCC-6E0FC90FFD55 3ECFBA98
InstallProtocolInterface: 09576E91-6D3F-11D2-8E39-00A0C969723B 3ECFB598
InstallProtocolInterface: 215FDD18-BD50-4FEB-890B-58CA0B4739E9 3ECFB4B8
InstallProtocolInterface: 09576E91-6D3F-11D2-8E39-00A0C969723B 3ED2EC98
InstallProtocolInterface: 215FDD18-BD50-4FEB-890B-58CA0B4739E9 3ED2E2B8
InstallProtocolInterface: 09576E91-6D3F-11D2-8E39-00A0C969723B 3ED2E918
InstallProtocolInterface: 215FDD18-BD50-4FEB-890B-58CA0B4739E9 3ED2EBB8
ClockRate = 1843200
Divisor   = 1
BaudRate/Actual (115200/115200) = 100%
ClockRate = 1843200
Divisor   = 1
BaudRate/Actual (115200/115200) = 100%
InstallProtocolInterface: 09576E91-6D3F-11D2-8E39-00A0C969723B 3ED2DE98
InstallProtocolInterface: BB25CF6F-F1D4-11D2-9A0C-0090273FC1FD 3ED2DD28
PciSioSerial: Create SIO child serial device - Success
ClockRate = 1843200
Divisor   = 1
BaudRate/Actual (115200/115200) = 100%
Terminal - Mode 0, Column = 80, Row = 25
Terminal - Mode 1, Column = 80, Row = 50
Terminal - Mode 2, Column = 100, Row = 31
ClockRate = 1843200
Divisor   = 1
BaudRate/Actual (115200/115200) = 100%
InstallProtocolInterface: 387477C1-69C7-11D2-8E39-00A0C969723B 3ECFA040
InstallProtocolInterface: DD9E7534-7762-4698-8C14-F58517A625AA 3ECFA128
InstallProtocolInterface: 387477C2-69C7-11D2-8E39-00A0C969723B 3ECFA058
InstallProtocolInterface: 09576E91-6D3F-11D2-8E39-00A0C969723B 3ED2D418
InstallProtocolInterface: D3B36F2B-D551-11D4-9A46-0090273FC14D 0
InstallProtocolInterface: D3B36F2C-D551-11D4-9A46-0090273FC14D 0
InstallProtocolInterface: D3B36F2D-D551-11D4-9A46-0090273FC14D 0
ClockRate = 1843200
Divisor   = 1
BaudRate/Actual (115200/115200) = 100%
PciSioSerial: Create SIO child serial device - Device Error
InstallProtocolInterface: 387477C1-69C7-11D2-8E39-00A0C969723B 3ECC3028
InstallProtocolInterface: DD9E7534-7762-4698-8C14-F58517A625AA 3ECC3040
InstallProtocolInterface: D3B36F2B-D551-11D4-9A46-0090273FC14D 0
ClockRate = 1843200
Divisor   = 1
BaudRate/Actual (115200/115200) = 100%
PciSioSerial: Create SIO child serial device - Device Error
ClockRate = 1843200
Divisor   = 1
BaudRate/Actual (115200/115200) = 100%
PciSioSerial: Create SIO child serial device - Device Error
PlatformBootManagerAfterConsole
PlatformBdsPolicyBehavior: not restoring NvVars from disk since flash variables appear to be supported.
Boot Mode:0
PlatformBdsConnectSequence
Select Item: 0x19
EfiBootManagerConnectAll
ClockRate = 1843200
Divisor   = 1
BaudRate/Actual (115200/115200) = 100%
PciSioSerial: Create SIO child serial device - Device Error
SataControllerStart START
InstallProtocolInterface: A1E37052-80D9-4E65-A317-3E9A55C43EC9 3ECA7DA0
SataControllerStart END status = Success
==AtaAtapiPassThru Start== Controller = 3ED2FF98
InstallProtocolInterface: 1D3DE7F0-0807-424F-AA69-11A54E19A46F 3EC9EAC0
InstallProtocolInterface: 143B7632-B81B-4CB7-ABD3-B625A5B9BFFE 3EC9EB10
InstallProtocolInterface: 19DF145A-B1D4-453F-8507-38816676D7F6 3ECA8598
InstallProtocolInterface: 0167CCC4-D0F7-4F21-A3EF-9E64B7CDCE8B 3ECA7CA0
InstallProtocolInterface: FA920010-6785-4941-B6EC-498C579F160A 3ECA8120
VirtioBlkInit: LbaSize=0x200[B] NumBlocks=0xFC000[Lba]
VirtioBlkInit: FirstAligned=0x0[Lba] PhysBlkSize=0x1[Lba]
VirtioBlkInit: OptimalTransferLengthGranularity=0x0[Lba]
InstallProtocolInterface: 964E5B21-6459-11D2-8E39-00A0C969723B 3ECA7810
InstallProtocolInterface: CE345171-BA0B-11D2-8E4F-00A0C969723B 3EC9DA20
 BlockSize : 512 
 LastBlock : FBFFF 
InstallProtocolInterface: 09576E91-6D3F-11D2-8E39-00A0C969723B 3EC9D718
InstallProtocolInterface: 964E5B21-6459-11D2-8E39-00A0C969723B 3EC9C030
InstallProtocolInterface: 8CF2F62C-BC9B-4821-808D-EC9EC421A1A0 3EC9C0E8
InstallProtocolInterface: CE345171-BA0B-11D2-8E4F-00A0C969723B 3EC9C2A0
 BlockSize : 512 
 LastBlock : FBFC0 
InstallProtocolInterface: 964E5B22-6459-11D2-8E39-00A0C969723B 3EC64030
Installed Fat filesystem on 3EC9D898
ClockRate = 1843200
Divisor   = 1
BaudRate/Actual (115200/115200) = 100%
PciSioSerial: Create SIO child serial device - Device Error
SataControllerStart START
SataControllerStart error return status = Already started
 BlockSize : 512 
 LastBlock : FBFFF 
ClockRate = 1843200
Divisor   = 1
BaudRate/Actual (115200/115200) = 100%
PciSioSerial: Create SIO child serial device - Device Error
Select Item: 0x19
[Bds]OsIndication: 0000000000000000
[Bds]=============Begin Load Options Dumping ...=============
  Driver Options:
  SysPrep Options:
  Boot Options:
    Boot0000: UiApp 		 0x0109
    Boot0001: UEFI Misc Device 		 0x0001
    Boot0002: EFI Internal Shell 		 0x0001
  PlatformRecovery Options:
    PlatformRecovery0000: Default PlatformRecovery 		 0x0001
[Bds]=============End Load Options Dumping=============
[Bds]BdsWait ...Zzzzzzzzzzzz...
[Bds]Exit the waiting!
[Bds]Stop Hotkey Service!
[Bds]UnregisterKeyNotify: 000C/0000 Success
[Bds]UnregisterKeyNotify: 0017/0000 Success
[Bds]UnregisterKeyNotify: 0000/000D Success
Memory  Previous  Current    Next   
 Type    Pages     Pages     Pages  
======  ========  ========  ========
  0A    00000080  00000022  00000080
  09    00000010  00000007  00000010
  00    00000080  0000002A  00000080
  05    00000100  00000042  00000100
  06    00000100  000000B1  00000100
[Bds]Booting UEFI Misc Device
 BlockSize : 512 
 LastBlock : FBFFF 
 BlockSize : 512 
 LastBlock : FBFFF 
[Bds] Expand PciRoot(0x0)/Pci(0x2,0x0) -> <null string>
Memory  Previous  Current    Next   
 Type    Pages     Pages     Pages  
======  ========  ========  ========
  0A    00000080  00000022  00000080
  09    00000010  00000007  00000010
  00    00000080  0000002A  00000080
  05    00000100  00000042  00000100
  06    00000100  000000B1  00000100
[Bds]Booting EFI Internal Shell
[Bds] Expand Fv(7CB8BDC9-F8EB-4F34-AAEA-3EE4AF6516A1)/FvFile(7C04A583-9E3E-4F1C-AD65-E05268D0B4D1) -> Fv(7CB8BDC9-F8EB-4F34-AAEA-3EE4AF6516A1)/FvFile(7C04A583-9E3E-4F1C-AD65-E05268D0B4D1)
InstallProtocolInterface: 5B1B31A1-9562-11D2-8E3F-00A0C969723B 3ECA7440
Loading driver at 0x0003E4B2000 EntryPoint=0x0003E4F8E36 Shell.efi
InstallProtocolInterface: BC62157E-3E33-4FEC-9920-2D3B36D750DF 3ECFB098
ProtectUefiImageCommon - 0x3ECA7440
  - 0x000000003E4B2000 - 0x00000000000E2F40
InstallProtocolInterface: 387477C2-69C7-11D2-8E39-00A0C969723B 3EC2C920
InstallProtocolInterface: 752F3136-4E16-4FDC-A22A-E5F46812F4CA 3EC2BF18
InstallProtocolInterface: 6302D008-7F9B-4F30-87AC-60C9FEF5DA4E 3E590600
